Godot Engine v4.3.stable.official.77dcf97d8 - https://godotengine.org
Vulkan 1.3.260 - Forward+ - Using Device #0: NVIDIA - NVIDIA GeForce GTX 1070

0
(42, 54.41664)
(42, 54.41664)
5.05238342285156
(42, 49.36426)
(42, 54.41664)
7.950439453125
(42, 46.4662)
(42, 54.41664)
8.50941467285156
(42, 45.90723)
(42, 54.41664)
6.98053884506226
(45, 48.11363)
(42, 54.41664)
12.2735576629639
(53.97036, 51.7054)
(42, 54.41664)
20.8424015045166
(62.81621, 55.46118)
(42, 54.41664)
48.2562637329102
(89.43832, 63.26387)
(42, 54.41664)
87.4886703491211
(127.2862, 73.92395)
(42, 54.41664)
108.703056335449
(147.8768, 79.04292)
(42, 54.41664)
131.863357543945
(170.0058, 86.07826)
(42, 54.41664)
140.1328125
(177.8482, 88.80388)
(42, 54.41664)
116.939361572266
(155.1011, 84.1313)
(42, 54.41664)
73.214469909668
(112.9276, 72.57237)
(42, 54.41664)
17.9869327545166
(59.21854, 59.61777)
(42, 54.41664)
25.8106594085693
(16.76979, 48.9736)
(42, 54.41664)
25.6046810150146
(17.59872, 46.65923)
(42, 54.41664)
11.496600151062
(53.48422, 53.8833)
(42, 54.41664)
24.8926753997803
(66.75903, 56.99261)
(42, 54.41664)
80.5644378662109
(121.3301, 68.46506)
(42, 54.41664)
130.452743530273
(170.6116, 76.2562)
(42, 54.41664)
137.683349609375
(177.6609, 77.92891)
(42, 54.41664)
148.041000366211
(188.0662, 78.51653)
(42, 54.41664)
102.924453735352
(143.977, 68.34993)
(42, 54.41664)
7.85776424407959
(39.96277, 46.82755)
(42, 54.41664)
59.914421081543
(-14.63452, 34.86493)
(42, 54.41664)
81.1978607177734
(-35.61554, 30.56458)
(42, 54.41664)
89.6352844238281
(-43.9314, 28.91605)
(42, 54.41664)
92.924446105957
(-47.1897, 28.33691)
(42, 54.41664)
93.7871780395508
(-48.06744, 28.26535)
(42, 54.41664)
93.4357757568359
(-47.75458, 28.44818)
(42, 54.41664)
92.4809951782227
(-46.84973, 28.75616)
(42, 54.41664)
91.2460556030273
(-45.66943, 29.12012)
(42, 54.41664)
89.9027099609375
(-44.38177, 29.50305)
(42, 54.41664)
88.5397415161133
(-43.07367, 29.88589)
(42, 54.41664)
87.2003555297852
(-41.78741, 30.25943)
(42, 54.41664)
85.9035949707031
(-40.54175, 30.61984)
(42, 54.41664)
84.656005859375
(-39.34314, 30.96597)
(42, 54.41664)
83.4580535888672
(-38.19214, 31.29807)
(42, 54.41664)
82.3075256347656
(-37.08667, 31.61688)
(42, 54.41664)
81.2012329101563
(-36.02368, 31.9234)
(42, 54.41664)
80.1357345581055
(-34.99988, 32.21857)
(42, 54.41664)
79.1077041625977
(-34.01208, 32.50336)
(42, 54.41664)
78.1141738891602
(-33.05743, 32.77856)
(42, 54.41664)
77.1524047851563
(-32.1333, 33.04498)
(42, 54.41664)
76.2200469970703
(-31.23743, 33.30325)
(42, 54.41664)
82.0638656616211
(-37.36768, 33.55399)
(42, 54.41664)
99.5301361083984
(-55.37665, 33.82449)
(42, 54.41664)
111.698020935059
(-67.8501, 34.18289)
(42, 54.41664)
159.335586547852
(-115.5544, 30.65854)
(42, 54.41664)
223.127960205078
(-179.2589, 25.59637)
(42, 54.41664)
236.226303100586
(-192.6191, 26.90756)
(42, 54.41664)
261.411407470703
(-218.1489, 28.75562)
(42, 54.41664)
227.838684082031
(-185.2611, 38.20331)
(42, 54.41664)
107.745506286621
(-65.72632, 56.4498)
(42, 54.41664)
25.4044437408447
(22.45975, 70.65131)
(42, 54.41664)
52.690731048584
(87.52463, 80.94627)
(42, 54.41664)
124.156700134277
(160.8143, 90.44498)
(42, 54.41664)
242.605056762695
(279.226, 105.2208)
(42, 54.41664)
552.028015136719
(586.6071, 144.6278)
(42, 54.41664)
2185.63671875
(2208.653, 341.855)
(42, 54.41664)
34315.5390625
(34109.07, 4176.407)
(42, 54.41664)
9794288
(9724488, 1167622)
(42, 54.41664)
845952516096
(839920517120, 100842283008)
(42, 54.41664)
inf
(6288141972516800300000, 754965075290159580000)
(42, 54.41664)
nan
(nan, nan)
(42, 54.41664)
nan
(nan, nan)
(42, 54.41664)
nan
(nan, nan)
(42, 54.41664)
nan
(nan, nan)
(42, 54.41664)
nan
(nan, nan)
(42, 54.41664)
nan
(nan, nan)
(42, 54.41664)
nan
(nan, nan)
(42, 54.41664)
nan
(nan, nan)
(42, 54.41664)
nan
(nan, nan)
(42, 54.41664)
nan
(nan, nan)
(42, 54.41664)
nan
(nan, nan)
(42, 54.41664)
nan
(nan, nan)
(42, 54.41664)
nan
(nan, nan)
(42, 54.41664)
nan
(nan, nan)
(42, 54.41664)
nan
(nan, nan)
(42, 54.41664)
nan
(nan, nan)
(42, 54.41664)
nan
(nan, nan)
(42, 54.41664)
nan
(nan, nan)
(42, 54.41664)
nan
(nan, nan)
(42, 54.41664)
nan
(nan, nan)
(42, 54.41664)
nan
(nan, nan)
(42, 54.41664)
nan
(nan, nan)
(42, 54.41664)
nan
(nan, nan)
(42, 54.41664)
nan
(nan, nan)
(42, 54.41664)
nan
(nan, nan)
(42, 54.41664)
nan
(nan, nan)
(42, 54.41664)
nan
(nan, nan)
(42, 54.41664)
nan
(nan, nan)
(42, 54.41664)
nan
(nan, nan)
(42, 54.41664)
nan
(nan, nan)
(42, 54.41664)
nan
(nan, nan)
(42, 54.41664)
nan
(nan, nan)
(42, 54.41664)
nan
(nan, nan)
(42, 54.41664)
nan
(nan, nan)
(42, 54.41664)
nan
(nan, nan)
(42, 54.41664)
nan
(nan, nan)
(42, 54.41664)
nan
(nan, nan)
(42, 54.41664)
nan
(nan, nan)
(42, 54.41664)
nan
(nan, nan)
(42, 54.41664)
nan
(nan, nan)
(42, 54.41664)
nan
(nan, nan)
(42, 54.41664)
nan
(nan, nan)
(42, 54.41664)
nan
(nan, nan)
(42, 54.41664)
nan
(nan, nan)
(42, 54.41664)
nan
(nan, nan)
(42, 54.41664)
nan
(nan, nan)
(42, 54.41664)
nan
(nan, nan)
(42, 54.41664)
nan
(nan, nan)
(42, 54.41664)
nan
(nan, nan)
(42, 54.41664)
nan
(nan, nan)
(42, 54.41664)
nan
(nan, nan)
(42, 54.41664)
nan
(nan, nan)
(42, 54.41664)
nan
(nan, nan)
(42, 54.41664)
nan
(nan, nan)
(42, 54.41664)
nan
(nan, nan)
(42, 54.41664)
nan
(nan, nan)
(42, 54.41664)
nan
(nan, nan)
(42, 54.41664)
nan
(nan, nan)
(42, 54.41664)
nan
(nan, nan)
(42, 54.41664)
nan
(nan, nan)
(42, 54.41664)
nan
(nan, nan)
(42, 54.41664)
nan
(nan, nan)
(42, 54.41664)
nan
(nan, nan)
(42, 54.41664)
nan
(nan, nan)
(42, 54.41664)
nan
(nan, nan)
(42, 54.41664)
nan
(nan, nan)
(42, 54.41664)
nan
(nan, nan)
(42, 54.41664)
nan
(nan, nan)
(42, 54.41664)
nan
(nan, nan)
(42, 54.41664)
nan
(nan, nan)
(42, 54.41664)
nan
(nan, nan)
(42, 54.41664)
nan
(nan, nan)
(42, 54.41664)
nan
(nan, nan)
(42, 54.41664)
nan
(nan, nan)
(42, 54.41664)
nan
(nan, nan)
(42, 54.41664)
nan
(nan, nan)
(42, 54.41664)
nan
(nan, nan)
(42, 54.41664)
nan
(nan, nan)
(42, 54.41664)
