Godot Engine v4.3.stable.official.77dcf97d8 - https://godotengine.org
Vulkan 1.3.260 - Forward+ - Using Device #0: NVIDIA - NVIDIA GeForce GTX 1070

7.07106781005859
(50, 23.26663)
(49, 16.26663)
16.839750289917
(53.985, 32.35162)
(49, 16.26663)
22.1739845275879
(56.89672, 36.98685)
(49, 16.26663)
39.2493057250977
(62.69883, 53.04774)
(49, 16.26663)
93.9652404785156
(103.3152, 101.2508)
(49, 16.26663)
122.491416931152
(125.2303, 114.9339)
(49, 16.26663)
191.853485107422
(193.1254, 142.8986)
(49, 16.26663)
272.852508544922
(281.0691, 159.7673)
(49, 16.26663)
284.692321777344
(297.9373, 154.3967)
(49, 16.26663)
330.900543212891
(350.7847, 151.9912)
(49, 16.26663)
366.954772949219
(393.1206, 143.6904)
(49, 16.26663)
375.524078369141
(406.6611, 130.7083)
(49, 16.26663)
412.644622802734
(449.5826, 115.3077)
(49, 16.26663)
448.179595947266
(490.6033, 92.76166)
(49, 16.26663)
443.461120605469
(488.4978, 75.42276)
(49, 16.26663)
450.093933105469
(497.7104, 51.5304)
(49, 16.26663)
440.844116210938
(489.4711, 34.39832)
(49, 16.26663)
414.267364501953
(463.2486, 20.20749)
(49, 16.26663)
401.863891601563
(450.7347, 6.07663)
(49, 16.26663)
395.279998779297
(443.3461, -10.88831)
(49, 16.26663)
366.442840576172
(413.3812, -22.54941)
(49, 16.26663)
360.685089111328
(405.4471, -38.86218)
(49, 16.26663)
356.692474365234
(398.7597, -53.71674)
(49, 16.26663)
331.864593505859
(371.4946, -62.03607)
(49, 16.26663)
311.683532714844
(349.1187, -67.84894)
(49, 16.26663)
275.884887695313
(310.9785, -70.21878)
(49, 16.26663)
236.981536865234
(269.6227, -70.25436)
(49, 16.26663)
194.804382324219
(224.5931, -68.08856)
(49, 16.26663)
155.313247680664
(181.4326, -64.87402)
(49, 16.26663)
119.685249328613
(140.6017, -60.76382)
(49, 16.26663)
96.2290649414063
(106.4798, -60.90918)
(49, 16.26663)
85.146858215332
(76.30792, -64.38239)
(49, 16.26663)
88.5668716430664
(53.24359, -72.19852)
(49, 16.26663)
94.2454986572266
(31.32202, -76.30606)
(49, 16.26663)
98.158317565918
(7.5578, -72.71426)
(49, 16.26663)
103.264289855957
(-14.00836, -65.54694)
(49, 16.26663)
110.221405029297
(-33.3728, -56.96915)
(49, 16.26663)
117.748359680176
(-49.56519, -48.1506)
(49, 16.26663)
124.698669433594
(-62.65985, -39.24765)
(49, 16.26663)
130.406875610352
(-72.77014, -30.40228)
(49, 16.26663)
134.523849487305
(-80.04285, -21.74139)
(49, 16.26663)
136.90055847168
(-84.65271, -13.3765)
(49, 16.26663)
137.514907836914
(-86.79675, -5.403427)
(49, 16.26663)
140.135269165039
(-90.68945, 5.097382)
(49, 16.26663)
149.507781982422
(-100.4976, 18.01564)
(49, 16.26663)
173.321319580078
(-124.2823, 35.21585)
(49, 16.26663)
192.622528076172
(-140.9044, 48.5118)
(49, 16.26663)
301.306488037109
(-245.3157, 80.79446)
(49, 16.26663)
389.063018798828
(-329.1712, 107.681)
(49, 16.26663)
432.187683105469
(-369.5685, 123.9076)
(49, 16.26663)
529.075866699219
(-460.3476, 159.3969)
(49, 16.26663)
601.999755859375
(-525.6085, 195.7904)
(49, 16.26663)
611.349853515625
(-530.9243, 209.7516)
(49, 16.26663)
637.249267578125
(-546.8096, 242.3145)
(49, 16.26663)
627.370239257813
(-528.5692, 261.2303)
(49, 16.26663)
590.25341796875
(-486.9893, 263.4802)
(49, 16.26663)
552.130554199219
(-439.1276, 274.2968)
(49, 16.26663)
502.944885253906
(-383.0302, 273.7613)
(49, 16.26663)
447.112426757813
(-325.762, 260.1169)
(49, 16.26663)
388.158325195313
(-263.2992, 246.7793)
(49, 16.26663)
323.766723632813
(-189.5982, 235.1177)
(49, 16.26663)
264.837493896484
(-126.6884, 214.4395)
(49, 16.26663)
195.289108276367
(-29.33417, 195.1565)
(49, 16.26663)
152.701797485352
(69.25961, 167.6185)
(49, 16.26663)
161.190292358398
(151.9901, 140.264)
(49, 16.26663)
230.59782409668
(258.1027, 113.485)
(49, 16.26663)
329.049041748047
(366.5759, 102.399)
(49, 16.26663)
385.215545654297
(424.4606, 102.4082)
(49, 16.26663)
468.529174804688
(510.6257, 96.39938)
(49, 16.26663)
529.694885253906
(574.5492, 82.40796)
(49, 16.26663)
541.446899414063
(590.0966, 75.40604)
(49, 16.26663)
565.643310546875
(612.9183, 60.40839)
(49, 16.26663)
575.088439941406
(623.3992, 44.41345)
(49, 16.26663)
559.54541015625
(608.1459, 37.40793)
(49, 16.26663)
551.031860351563
(600.0307, 17.40134)
(49, 16.26663)
534.251831054688
(582.7616, -6.615692)
(49, 16.26663)
503.385955810547
(551.1277, -19.30246)
(49, 16.26663)
478.564239501953
(523.0255, -49.487)
(49, 16.26663)
445.62060546875
(485.2232, -74.76678)
(49, 16.26663)
401.0009765625
(437.5577, -82.85309)
(49, 16.26663)
356.965576171875
(386.9304, -98.74399)
(49, 16.26663)
308.788269042969
(330.1969, -111.3206)
(49, 16.26663)
260.312194824219
(275.2188, -112.5258)
(49, 16.26663)
212.857406616211
(220.7452, -109.4785)
(49, 16.26663)
162.363464355469
(145.4429, -114.3499)
(49, 16.26663)
131.527984619141
(85.22406, -110.1748)
(49, 16.26663)
148.068298339844
(-17.31622, -116.1206)
(49, 16.26663)
225.084655761719
(-130.0078, -120.186)
(49, 16.26663)
282.198303222656
(-201.645, -113.3981)
(49, 16.26663)
395.83837890625
(-324.8038, -113.959)
(49, 16.26663)
495.537567138672
(-431.2397, -105.9105)
(49, 16.26663)
530.430908203125
(-470.1735, -92.43414)
(49, 16.26663)
617.281982421875
(-568.8262, -71.7749)
(49, 16.26663)
692.878662109375
(-641.6512, -39.24597)
(49, 16.26663)
705.072265625
(-655.4091, -14.30725)
(49, 16.26663)
734.027160644531
(-684.77, 35.69623)
(49, 16.26663)
729.432495117188
(-678.1332, 74.13791)
(49, 16.26663)
702.192810058594
(-648.3531, 98.56735)
(49, 16.26663)
681.518127441406
(-621.5907, 137.8193)
(49, 16.26663)
646.279907226563
(-578.8457, 169.5228)
(49, 16.26663)
596.744567871094
(-523.2575, 185.4571)
(49, 16.26663)
543.750244140625
(-458.0443, 212.6601)
(49, 16.26663)
479.692779541016
(-380.4467, 229.9969)
(49, 16.26663)
416.14453125
(-307.7672, 230.4941)
(49, 16.26663)
342.359191894531
(-218.1042, 230.4282)
(49, 16.26663)
270.707183837891
(-125.7009, 223.0564)
(49, 16.26663)
216.734619140625
(-46.71738, 210.7199)
(49, 16.26663)
183.419372558594
(67.00352, 198.8003)
(49, 16.26663)
238.012512207031
(220.1823, 181.6346)
(49, 16.26663)
287.875213623047
(298.0754, 160.605)
(49, 16.26663)
400.597747802734
(434.2431, 126.1133)
(49, 16.26663)
510.375640869141
(555.4154, 79.72305)
(49, 16.26663)
561.468444824219
(612.6743, 44.12)
(49, 16.26663)
646.871765136719
(695.1971, -13.27057)
(49, 16.26663)
695.286071777344
(739.6746, -63.67902)
(49, 16.26663)
695.238830566406
(736.4443, -87.54742)
(49, 16.26663)
705.961975097656
(740.5254, -125.7718)
(49, 16.26663)
713.219848632813
(737.7255, -169.0432)
(49, 16.26663)
694.227600097656
(711.8747, -190.0077)
(49, 16.26663)
680.886108398438
(688.0659, -218.6817)
(49, 16.26663)
652.403015136719
(650.2519, -236.9641)
(49, 16.26663)
603.697631835938
(597.5005, -235.9198)
(49, 16.26663)
552.853881835938
(540.9968, -235.8971)
(49, 16.26663)
497.616241455078
(481.8636, -229.1942)
(49, 16.26663)
440.157501220703
(422.1507, -217.1797)
(49, 16.26663)
381.101226806641
(359.8118, -204.265)
(49, 16.26663)
314.545043945313
(285.7446, -190.8337)
(49, 16.26663)
249.722427368164
(213.933, -171.2391)
(49, 16.26663)
175.737243652344
(106.2285, -149.8914)
(49, 16.26663)
162.84196472168
(-28.0639, -127.186)
(49, 16.26663)
203.833709716797
(-117.3711, -101.4994)
(49, 16.26663)
321.790802001953
(-260.952, -70.215)
(49, 16.26663)
447.697967529297
(-396.3256, -29.76178)
(49, 16.26663)
524.417541503906
(-475.2819, 4.336533)
(49, 16.26663)
635.567016601563
(-592.5783, 55.70396)
(49, 16.26663)
734.0078125
(-679.5264, 105.8031)
(49, 16.26663)
755.828369140625
(-697.7518, 133.0493)
(49, 16.26663)
791.982971191406
(-728.0534, 169.3191)
(49, 16.26663)
797.120056152344
(-727.9691, 194.3661)
(49, 16.26663)
771.414794921875
(-701.4386, 205.137)
(49, 16.26663)
746.092590332031
(-670.7346, 212.8277)
(49, 16.26663)
705.74072265625
(-628.005, 215.6009)
(49, 16.26663)
652.452880859375
(-573.4933, 211.7068)
(49, 16.26663)
596.945495605469
(-516.4954, 207.4705)
(49, 16.26663)
538.93408203125
(-457.2148, 201.1898)
(49, 16.26663)
473.466583251953
(-391.769, 189.1633)
(49, 16.26663)
409.443969726563
(-327.2563, 177.7459)
(49, 16.26663)
344.999877929688
(-262.651, 164.2482)
(49, 16.26663)
282.010772705078
(-199.8315, 148.9805)
(49, 16.26663)
221.901458740234
(-139.5615, 133.2488)
(49, 16.26663)
160.983978271484
(-74.49002, 118.3356)
(49, 16.26663)
107.528327941895
(-15.25836, 102.4827)
(49, 16.26663)
78.9626159667969
(71.614, 91.92178)
(49, 16.26663)
145.370025634766
(178.2599, 82.78217)
(49, 16.26663)
230.481979370117
(272.6023, 72.15878)
(49, 16.26663)
366.375915527344
(412.8565, 59.15936)
(49, 16.26663)
523.4677734375
(571.6274, 45.91647)
(49, 16.26663)
599.630981445313
(648.3818, 33.55313)
(49, 16.26663)
736.050720214844
(784.97, 27.16684)
(49, 16.26663)
851.402099609375
(903.3598, 24.75568)
(49, 16.26663)
874.94091796875
(923.9403, 17.2583)
(49, 16.26663)
937.538696289063
(986.5386, 16.69577)
(49, 16.26663)
954.319702148438
(1003.314, 12.98306)
(49, 16.26663)
927.153015136719
(976.0972, 6.090881)
(49, 16.26663)
899.424377441406
(948.2955, 1.040558)
(49, 16.26663)
853.429565429688
(902.1847, -4.176361)
(49, 16.26663)
785.579711914063
(834.1871, -8.564941)
(49, 16.26663)
712.518676757813
(760.9115, -13.14218)
(49, 16.26663)
630.706604003906
(678.8848, -15.92056)
(49, 16.26663)
547.681579589844
(595.6124, -17.93829)
(49, 16.26663)
464.826385498047
(512.4682, -19.24118)
(49, 16.26663)
383.394226074219
(430.6863, -19.88116)
(49, 16.26663)
304.514495849609
(351.3574, -19.91495)
(49, 16.26663)
229.218215942383
(275.4259, -19.40262)
(49, 16.26663)
155.829391479492
(200.6912, -19.40649)
(49, 16.26663)
85.8765869140625
(126.8546, -19.97488)
(49, 16.26663)
41.7901573181152
(32.53387, -22.14279)
(49, 16.26663)
151.972702026367
(-96.40784, -27.91779)
(49, 16.26663)
255.326568603516
(-201.6742, -32.2525)
(49, 16.26663)
413.883728027344
(-360.4539, -44.12598)
(49, 16.26663)
595.786376953125
(-542.2137, -57.40619)
(49, 16.26663)
694.760681152344
(-641.2294, -62.95331)
(49, 16.26663)
827.663024902344
(-773.1901, -78.75742)
(49, 16.26663)
890.175903320313
(-837.3218, -85.65573)
(49, 16.26663)
899.651794433594
(-844.9755, -84.63541)
(49, 16.26663)
919.164672851563
(-867.2542, -88.80356)
(49, 16.26663)
909.907287597656
(-855.0062, -87.19385)
(49, 16.26663)
873.841247558594
(-819.423, -80.89322)
(49, 16.26663)
834.872985839844
(-781.9717, -74.06525)
(49, 16.26663)
781.240173339844
(-728.016, -64.86508)
(49, 16.26663)
714.510498046875
(-662.0006, -54.46796)
(49, 16.26663)
649.323303222656
(-597.4218, -45.04953)
(49, 16.26663)
583.020263671875
(-531.6044, -36.7532)
(49, 16.26663)
507.681427001953
(-457.7748, -27.69122)
(49, 16.26663)
434.492919921875
(-384.1415, -17.97607)
(49, 16.26663)
358.645782470703
(-308.7744, -8.718781)
(49, 16.26663)
284.144134521484
(-234.6774, -0.012451)
(49, 16.26663)
212.892929077148
(-163.735, 8.067444)
(49, 16.26663)
145.697982788086
(-96.69577, 15.46234)
(49, 16.26663)
83.3814315795898
(-34.17503, 22.12979)
(49, 16.26663)
28.2319602966309
(23.34126, 28.04257)
(49, 16.26663)
31.4336795806885
(75.4908, 33.18744)
(49, 16.26663)
76.0701675415039
(122.028, 37.564)
(49, 16.26663)
116.511604309082
(162.8161, 41.18344)
(49, 16.26663)
153.358993530273
(200.8181, 44.06717)
(49, 16.26663)
187.632736206055
(234.0577, 47.24554)
(49, 16.26663)
238.718368530273
(287.5974, 54.74139)
(49, 16.26663)
309.871856689453
(355.2492, 63.51053)
(49, 16.26663)
350.095367431641
(395.6171, 65.49408)
(49, 16.26663)
425.282501220703
(470.6489, 71.74088)
(49, 16.26663)
493.509399414063
(538.8528, 76.23087)
(49, 16.26663)
515.475646972656
(560.8885, 76.97241)
(49, 16.26663)
562.880432128906
(608.1424, 81.02921)
(49, 16.26663)
592.400939941406
(637.5837, 83.40887)
(49, 16.26663)
591.24658203125
(636.4521, 83.14346)
(49, 16.26663)
601.397338867188
(646.4219, 85.30142)
(49, 16.26663)
599.988830566406
(644.9334, 85.90808)
(49, 16.26663)
572.343078613281
(617.5547, 82.00943)
(49, 16.26663)
547.757019042969
(593.1857, 78.71451)
(49, 16.26663)
512.863342285156
(558.5907, 74.11237)
(49, 16.26663)
464.648071289063
(510.6113, 69.30276)
(49, 16.26663)
415.882781982422
(462.2057, 63.37857)
(49, 16.26663)
365.568664550781
(413.2426, 57.44012)
(49, 16.26663)
312.417022705078
(360.5272, 50.57791)
(49, 16.26663)
262.283752441406
(309.8254, 43.88727)
(49, 16.26663)
208.858535766602
(256.7814, 37.45135)
(49, 16.26663)
156.751556396484
(205.025, 31.34128)
(49, 16.26663)
107.511238098145
(156.1039, 25.61609)
(49, 16.26663)
61.6021537780762
(110.4684, 20.32318)
(49, 16.26663)
19.4895610809326
(68.47443, 15.49872)
(49, 16.26663)
19.2979717254639
(30.3877, 11.16821)
(49, 16.26663)
53.3618621826172
(-3.611145, 7.347229)
(49, 16.26663)
83.3225784301758
(-33.42096, 4.042145)
(49, 16.26663)
109.052154541016
(-59.01343, 1.250916)
(49, 16.26663)
130.577896118164
(-80.42645, -1.03595)
(49, 16.26663)
148.986312866211
(-98.75677, -2.834595)
(49, 16.26663)
186.357620239258
(-133.1378, -23.16684)
(49, 16.26663)
197.754150390625
(-144.4485, -24.77435)
(49, 16.26663)
208.068756103516
(-153.9265, -29.70551)
(49, 16.26663)
216.482574462891
(-161.8128, -32.95395)
(49, 16.26663)
273.828094482422
(-210.3633, -71.55426)
(49, 16.26663)
332.660400390625
(-261.1683, -103.9772)
(49, 16.26663)
391.363494873047
(-312.8402, -132.8542)
(49, 16.26663)
437.402893066406
(-356.0173, -148.9067)
(49, 16.26663)
468.362762451172
(-386.5015, -156.0764)
(49, 16.26663)
477.886352539063
(-397.3498, -154.4589)
(49, 16.26663)
467.942657470703
(-389.8179, -146.2423)
(49, 16.26663)
438.877807617188
(-363.457, -133.7097)
(49, 16.26663)
402.856414794922
(-330.0453, -120.1808)
(49, 16.26663)
363.550811767578
(-293.3892, -105.958)
(49, 16.26663)
322.725280761719
(-255.2628, -91.32413)
(49, 16.26663)
281.144561767578
(-216.3851, -76.53976)
(49, 16.26663)
239.508636474609
(-177.4144, -61.84177)
(49, 16.26663)
198.448791503906
(-138.9445, -47.44194)
(49, 16.26663)
158.525543212891
(-101.5025, -33.52646)
(49, 16.26663)
120.228614807129
(-65.54712, -20.25563)
(49, 16.26663)
83.9806365966797
(-31.46909, -7.764053)
(49, 16.26663)
50.1559181213379
(0.408173, 3.838821)
(49, 16.26663)
19.2575950622559
(29.8266, 14.46783)
(49, 16.26663)
10.8798294067383
(56.59076, 24.06093)
(49, 16.26663)
35.5300178527832
(80.56467, 32.57779)
(49, 16.26663)
57.7674522399902
(101.6677, 39.99831)
(49, 16.26663)
76.9796676635742
(119.8704, 46.32079)
(49, 16.26663)
93.1360397338867
(135.1898, 51.56021)
(49, 16.26663)
106.288558959961
(147.6844, 55.74629)
(49, 16.26663)
120.991348266602
(161.4493, 60.92157)
(49, 16.26663)
148.081069946289
(186.5509, 71.1095)
(49, 16.26663)
185.045394897461
(226.8792, 83.25598)
(49, 16.26663)
208.987197875977
(245.1814, 88.29797)
(49, 16.26663)
273.607238769531
(308.4106, 103.2553)
(49, 16.26663)
351.924926757813
(384.9708, 121.0271)
(49, 16.26663)
417.1279296875
(449.0354, 134.4503)
(49, 16.26663)
477.745819091797
(508.093, 148.4584)
(49, 16.26663)
525.238220214844
(556.7585, 158.9828)
(49, 16.26663)
520.968383789063
(550.871, 156.029)
(49, 16.26663)
515.71435546875
(546.0443, 153.7742)
(49, 16.26663)
485.601196289063
(516.8445, 146.3823)
(49, 16.26663)
448.182067871094
(481.147, 135.0778)
(49, 16.26663)
405.180999755859
(439.8371, 123.1216)
(49, 16.26663)
360.403198242188
(396.7957, 110.7581)
(49, 16.26663)
314.698120117188
(352.8414, 98.2137)
(49, 16.26663)
268.844299316406
(308.7249, 85.69449)
(49, 16.26663)
223.544784545898
(265.1242, 73.38579)
(49, 16.26663)
179.424331665039
(222.6417, 61.45117)
(49, 16.26663)
137.028167724609
(181.8029, 50.03226)
(49, 16.26663)
96.8229293823242
(143.0558, 39.24875)
(49, 16.26663)
59.2024307250977
(106.7727, 29.19885)
(49, 16.26663)
24.5309066772461
(73.25128, 19.95996)
(49, 16.26663)
16.5004138946533
(32.7182, 13.58957)
(49, 16.26663)
52.3271369934082
(-2.517334, 7.096375)
(49, 16.26663)
99.5150527954102
(-49.25653, 0.490051)
(49, 16.26663)
164.975158691406
(-114.1479, -8.218994)
(49, 16.26663)
204.011642456055
(-152.603, -14.98984)
(49, 16.26663)
289.860046386719
(-237.4885, -27.81476)
(49, 16.26663)
405.732025146484
(-351.9882, -45.59598)
(49, 16.26663)
462.629333496094
(-407.923, -56.17114)
(49, 16.26663)
562.482604980469
(-506.1105, -74.5022)
(49, 16.26663)
627.071594238281
(-568.7526, -91.43863)
(49, 16.26663)
628.566528320313
(-569.6642, -94.86584)
(49, 16.26663)
628.617309570313
(-568.6047, -100.8833)
(49, 16.26663)
603.520385742188
(-543.3021, -99.55682)
(49, 16.26663)
562.660827636719
(-502.7452, -94.02563)
(49, 16.26663)
516.395446777344
(-457.0679, -86.49316)
(49, 16.26663)
467.015533447266
(-408.3672, -78.17255)
(49, 16.26663)
415.573699951172
(-357.6761, -69.2674)
(49, 16.26663)
363.048645019531
(-305.954, -59.96976)
(49, 16.26663)
310.337829589844
(-254.0798, -50.45834)
(49, 16.26663)
258.252777099609
(-202.8468, -40.89719)
(49, 16.26663)
207.51628112793
(-152.9594, -31.43469)
(49, 16.26663)
158.762603759766
(-105.0313, -22.20294)
(49, 16.26663)
112.54354095459
(-59.58563, -13.31731)
(49, 16.26663)
57.1133766174316
(-4.055695, -4.87648)
(49, 16.26663)
13.6293478012085
(55.01709, 4.037415)
(49, 16.26663)
54.31591796875
(103.0923, 11.34335)
(49, 16.26663)
102.863143920898
(151.8487, 17.99255)
(49, 16.26663)
136.203582763672
(184.9866, 23.95094)
(49, 16.26663)
158.001098632813
(206.471, 29.19823)
(49, 16.26663)
175.316497802734
(223.4449, 33.72681)
(49, 16.26663)
190.188385009766
(238.1047, 36.54062)
(49, 16.26663)
201.028762817383
(248.662, 39.66895)
(49, 16.26663)
222.760833740234
(270.3685, 41.13341)
(49, 16.26663)
246.844421386719
(295.284, 43.97842)
(49, 16.26663)
258.290374755859
(305.4286, 47.22325)
(49, 16.26663)
311.173675537109
(358.0123, 52.87926)
(49, 16.26663)
362.488891601563
(408.6024, 61.92047)
(49, 16.26663)
401.902984619141
(446.8395, 73.27275)
(49, 16.26663)
455.073059082031
(497.5854, 92.83472)
(49, 16.26663)
491.874450683594
(530.5728, 116.407)
(49, 16.26663)
485.993530273438
(522.7379, 124.7199)
(49, 16.26663)
483.207214355469
(516.6804, 137.7747)
(49, 16.26663)
465.361938476563
(496.9135, 142.5014)
(49, 16.26663)
432.857879638672
(464.1046, 138.9619)
(49, 16.26663)
395.466674804688
(427.05, 132.336)
(49, 16.26663)
353.952911376953
(386.5301, 122.8316)
(49, 16.26663)
309.689208984375
(343.2992, 112.6792)
(49, 16.26663)
265.341827392578
(300.077, 102.0958)
(49, 16.26663)
223.759368896484
(260.5108, 89.28329)
(49, 16.26663)
181.739486694336
(220.1286, 77.45682)
(49, 16.26663)
140.440994262695
(180.4177, 65.79514)
(49, 16.26663)
102.587272644043
(143.8066, 55.4567)
(49, 16.26663)
65.5466003417969
(107.6345, 45.56424)
(49, 16.26663)
32.1441421508789
(74.20013, 36.22156)
(49, 16.26663)
12.4201536178589
(43.73114, 27.51382)
(49, 16.26663)
32.7725830078125
(16.38812, 19.50818)
(49, 16.26663)
56.8731422424316
(-7.731445, 12.25446)
(49, 16.26663)
78.2927017211914
(-28.58807, 5.786285)
(49, 16.26663)
96.5544815063477
(-46.19519, 0.122131)
(49, 16.26663)
111.607200622559
(-60.61371, -4.733429)
(49, 16.26663)
122.959579467773
(-70.94617, -10.78842)
(49, 16.26663)
131.378311157227
(-78.34619, -16.0321)
(49, 16.26663)
137.561767578125
(-82.99603, -22.46692)
(49, 16.26663)
141.24250793457
(-85.10095, -28.07727)
(49, 16.26663)
141.936386108398
(-84.88385, -30.86142)
(49, 16.26663)
140.80500793457
(-82.5802, -33.86023)
(49, 16.26663)
137.958770751953
(-79.43323, -34.10727)
(49, 16.26663)
133.005828857422
(-74.67444, -32.67398)
(49, 16.26663)
126.554183959961
(-68.53638, -30.6499)
(49, 16.26663)
118.850463867188
(-61.24908, -28.12451)
(49, 16.26663)
110.135429382324
(-53.0368, -25.18579)
(49, 16.26663)
100.640892028809
(-44.11517, -21.91916)
(49, 16.26663)
90.5873718261719
(-34.68903, -18.4064)
(49, 16.26663)
80.1816253662109
(-24.95013, -14.72482)
(49, 16.26663)
69.6151809692383
(-15.07587, -10.94653)
(49, 16.26663)
59.0629920959473
(-5.227905, -7.137878)
(49, 16.26663)
48.6825103759766
(4.448669, -3.359009)
(49, 16.26663)
38.6133804321289
(13.82587, 0.336365)
(49, 16.26663)
28.9778099060059
(22.79297, 3.901154)
(49, 16.26663)
19.8827533721924
(31.25647, 7.294952)
(49, 16.26663)
11.4308166503906
(39.13977, 10.48395)
(49, 16.26663)
3.85177254676819
(46.38263, 13.44077)
(49, 16.26663)
3.94238948822021
(52.94049, 16.14429)
(49, 16.26663)
10.0530700683594
(58.78345, 18.57928)
(49, 16.26663)
15.5514297485352
(63.89532, 20.73611)
(49, 16.26663)
20.2897338867188
(68.27258, 22.6102)
(49, 16.26663)
24.2576007843018
(71.92303, 24.20172)
(49, 16.26663)
27.4683895111084
(74.86462, 25.51508)
(49, 16.26663)
29.9480247497559
(77.12408, 26.55838)
(49, 16.26663)
31.731653213501
(78.73572, 27.34296)
(49, 16.26663)
32.8617820739746
(79.74017, 27.88293)
(49, 16.26663)
33.386531829834
(80.18304, 28.19467)
(49, 16.26663)
33.3584747314453
(80.11389, 28.29633)
(49, 16.26663)
32.8332290649414
(79.58496, 28.20737)
(49, 16.26663)
31.8683185577393
(78.65015, 27.94818)
(49, 16.26663)
30.5221710205078
(77.36407, 27.5397)
(49, 16.26663)
28.8530330657959
(75.78113, 27.00296)
(49, 16.26663)
26.9182777404785
(73.95477, 26.35886)
(49, 16.26663)
24.7734451293945
(71.93671, 25.62778)
(49, 16.26663)
22.471773147583
(69.77643, 24.82938)
(49, 16.26663)
20.0634536743164
(67.52051, 23.98239)
(49, 16.26663)
17.5953578948975
(65.2124, 23.10437)
(49, 16.26663)
15.1105089187622
(62.89191, 22.21158)
(49, 16.26663)
12.6479787826538
(60.59509, 21.31888)
(49, 16.26663)
10.242636680603
(58.354, 20.43967)
(49, 16.26663)
7.92524480819702
(56.19672, 19.58578)
(49, 16.26663)
5.72261047363281
(54.14722, 18.76752)
(49, 16.26663)
4.92885541915894
(52.22546, 19.99356)
(49, 16.26663)
5.18078231811523
(50.44751, 21.24109)
(49, 16.26663)
5.22553586959839
(48.82562, 21.48926)
(49, 16.26663)
5.7058367729187
(47.36853, 21.73425)
(49, 16.26663)
6.40911817550659
(46.0816, 21.97275)
(49, 16.26663)
6.37336492538452
(44.96716, 21.20181)
(49, 16.26663)
6.49002265930176
(44.02466, 20.43393)
(49, 16.26663)
6.68609666824341
(43.25104, 19.68033)
(49, 16.26663)
6.90232610702515
(42.64099, 18.95087)
(49, 16.26663)
7.09660530090332
(42.18738, 18.25409)
(49, 16.26663)
9.70791435241699
(39.88129, 19.5972)
(49, 16.26663)
14.0623140335083
(35.74261, 20.95602)
(49, 16.26663)
30.7821426391602
(18.81665, 22.30862)
(49, 16.26663)
61.0271949768066
(-11.69397, 22.63535)
(49, 16.26663)
86.5289306640625
(-37.34314, 21.93387)
(49, 16.26663)
151.883605957031
(-102.8322, 20.21753)
(49, 16.26663)
262.309356689453
(-213.2949, 13.51355)
(49, 16.26663)
297.367645263672
(-248.2769, 8.921265)
(49, 16.26663)
340.879730224609
(-291.6016, 2.498383)
(49, 16.26663)
364.645538330078
(-314.9847, -5.67569)
(49, 16.26663)
352.272644042969
(-302.4698, -7.503204)
(49, 16.26663)
343.153839111328
(-292.6343, -15.99142)
(49, 16.26663)
322.614044189453
(-270.9578, -25.04697)
(49, 16.26663)
296.929534912109
(-244.0497, -31.57724)
(49, 16.26663)
272.598022460938
(-215.5366, -49.53683)
(49, 16.26663)
246.738250732422
(-183.0067, -67.71341)
(49, 16.26663)
216.290420532227
(-148.0497, -72.91263)
(49, 16.26663)
188.528030395508
(-105.2327, -92.15424)
(49, 16.26663)
162.553421020508
(-61.18393, -103.2454)
(49, 16.26663)
140.885452270508
(-22.48724, -105.1347)
(49, 16.26663)
131.254898071289
(55.41208, -114.9141)
(49, 16.26663)
147.153427124023
(131.5553, -105.5478)
(49, 16.26663)
172.406539916992
(182.1208, -93.29095)
(49, 16.26663)
250.833267211914
(283.633, -72.41641)
(49, 16.26663)
337.483581542969
(381.0045, -44.29909)
(49, 16.26663)
382.218048095703
(429.2587, -22.38501)
(49, 16.26663)
440.388061523438
(493.3286, 11.03244)
(49, 16.26663)
484.710601806641
(532.8867, 44.51665)
(49, 16.26663)
482.972290039063
(529.9305, 60.62869)
(49, 16.26663)
491.385864257813
(534.1561, 94.2641)
(49, 16.26663)
489.03271484375
(526.0818, 131.066)
(49, 16.26663)
469.1630859375
(499.3737, 147.7107)
(49, 16.26663)
450.356353759766
(468.8808, 179.1193)
(49, 16.26663)
426.042816162109
(429.439, 208.0442)
(49, 16.26663)
393.896759033203
(385.9348, 220.3)
(49, 16.26663)
363.275268554688
(335.2269, 239.9697)
(49, 16.26663)
330.897857666016
(281.1965, 252.0169)
(49, 16.26663)
296.578643798828
(234.6861, 247.5231)
(49, 16.26663)
264.751281738281
(184.3415, 243.8099)
(49, 16.26663)
233.98616027832
(136.8012, 233.1548)
(49, 16.26663)
206.959381103516
(95.59796, 217.9119)
(49, 16.26663)
186.224334716797
(46.11603, 202.4686)
(49, 16.26663)
181.451782226563
(-22.17444, 183.1766)
(49, 16.26663)
189.329040527344
(-72.56824, 161.4102)
(49, 16.26663)
228.330123901367
(-150.6991, 134.5432)
(49, 16.26663)
305.746398925781
(-243.8964, 103.9738)
(49, 16.26663)
346.412536621094
(-291.2856, 81.13077)
(49, 16.26663)
420.541259765625
(-369.6315, 56.29904)
(49, 16.26663)
470.652130126953
(-423.3634, 32.75)
(49, 16.26663)
479.373474121094
(-430.3666, 13.70862)
(49, 16.26663)
489.717468261719
(-440.1791, -6.690247)
(49, 16.26663)
479.825408935547
(-429.2726, -22.30487)
(49, 16.26663)
459.2939453125
(-408.3826, -25.59109)
(49, 16.26663)
434.577453613281
(-383.3208, -27.96323)
(49, 16.26663)
403.288055419922
(-351.8804, -27.73471)
(49, 16.26663)
367.542633056641
(-315.8709, -27.96902)
(49, 16.26663)
329.177307128906
(-277.0893, -28.71637)
(49, 16.26663)
291.394836425781
(-237.2945, -38.01422)
(49, 16.26663)
252.705154418945
(-197.1848, -40.7681)
(49, 16.26663)
217.077239990234
(-156.3932, -53.99106)
(49, 16.26663)
184.613708496094
(-116.5, -65.53784)
(49, 16.26663)
150.655700683594
(-77.01355, -66.30289)
(49, 16.26663)
125.167694091797
(-40.38553, -71.35287)
(49, 16.26663)
105.136856079102
(-1.979553, -76.68359)
(49, 16.26663)
91.3889389038086
(30.85052, -73.30197)
(49, 16.26663)
92.7809677124023
(63.86984, -75.315)
(49, 16.26663)
99.2399063110352
(92.86417, -72.75299)
(49, 16.26663)
105.685928344727
(115.7011, -65.71188)
(49, 16.26663)
112.824951171875
(135.3539, -56.34521)
(49, 16.26663)
119.805221557617
(150.846, -46.82602)
(49, 16.26663)
126.19962310791
(163.2613, -37.31238)
(49, 16.26663)
132.325881958008
(173.7211, -27.94641)
(49, 16.26663)
139.845932006836
(184.3641, -18.85385)
(49, 16.26663)
143.75910949707
(190.3123, -10.14374)
(49, 16.26663)
145.882675170898
(193.7461, -1.908478)
(49, 16.26663)
145.244598388672
(193.8652, 5.775879)
(49, 16.26663)
143.940078735352
(192.8995, 12.84915)
(49, 16.26663)
156.071868896484
(205.0719, 16.26636)
(49, 16.26663)
178.449798583984
(227.3859, 21.04187)
(49, 16.26663)
190.949630737305
(239.6927, 26.16818)
(49, 16.26663)
228.460693359375
(277.0085, 30.63336)
(49, 16.26663)
276.708709716797
(324.9726, 36.43652)
(49, 16.26663)
287.129974365234
(335.1007, 40.55682)
(49, 16.26663)
319.81787109375
(367.5244, 45.00073)
(49, 16.26663)
327.451721191406
(375.028, 46.76923)
(49, 16.26663)
313.391662597656
(360.7907, 47.90335)
(49, 16.26663)
299.037139892578
(346.3003, 48.44949)
(49, 16.26663)
278.863800048828
(325.9995, 48.45828)
(49, 16.26663)
254.35888671875
(301.3737, 47.98331)
(49, 16.26663)
226.035034179688
(272.9249, 47.08008)
(49, 16.26663)
195.407623291016
(242.1622, 45.80499)
(49, 16.26663)
164.962905883789
(211.5782, 44.21432)
(49, 16.26663)
135.157409667969
(181.614, 42.36353)
(49, 16.26663)
106.408065795898
(152.657, 40.30634)
(49, 16.26663)
79.1116561889648
(125.0408, 38.09427)
(49, 16.26663)
53.7139015197754
(99.04565, 35.776)
(49, 16.26663)
31.0519390106201
(74.89935, 33.39691)
(49, 16.26663)
15.209153175354
(52.77917, 30.99878)
(49, 16.26663)
20.3609600067139
(32.81433, 28.61948)
(49, 16.26663)
35.362377166748
(15.08875, 26.29282)
(49, 16.26663)
49.9652938842773
(-0.355591, 24.04843)
(49, 16.26663)
62.7695541381836
(-13.5152, 21.91174)
(49, 16.26663)
73.5111312866211
(-24.42108, 19.90405)
(49, 16.26663)
82.1542663574219
(-33.13507, 18.04257)
(49, 16.26663)
88.7456359863281
(-39.74561, 16.34061)
(49, 16.26663)
93.3753509521484
(-44.36395, 14.80774)
(49, 16.26663)
96.1612548828125
(-47.12, 13.45004)
(49, 16.26663)
97.2407836914063
(-48.15863, 12.27036)
(49, 16.26663)
96.7651519775391
(-47.63599, 11.26859)
(49, 16.26663)
94.8949890136719
(-45.71606, 10.44196)
(49, 16.26663)
91.7965316772461
(-42.56744, 9.78537)
(49, 16.26663)
87.6381759643555
(-38.36017, 9.291656)
(49, 16.26663)
82.5877456665039
(-33.26318, 8.951935)
(49, 16.26663)
76.8100433349609
(-27.44196, 8.75592)
(49, 16.26663)
70.4645004272461
(-21.05621, 8.692169)
(49, 16.26663)
63.703441619873
(-14.25824, 8.748413)
(49, 16.26663)
56.6704521179199
(-7.191162, 8.911804)
(49, 16.26663)
49.4993934631348
(0.012085, 9.169159)
(49, 16.26663)
42.3135795593262
(7.229797, 9.507263)
(49, 16.26663)
35.2254600524902
(14.35229, 9.912933)
(49, 16.26663)
28.3372974395752
(21.28229, 10.37335)
(49, 16.26663)
22.3238410949707
(27.935, 8.876129)
(49, 16.26663)
18.3065586090088
(34.23846, 5.439484)
(49, 16.26663)
17.5607528686523
(40.133, 1.108917)
(49, 16.26663)
15.7067394256592
(45.57104, 0.938751)
(49, 16.26663)
21.4049091339111
(50.51672, -5.084473)
(49, 16.26663)
27.7949848175049
(54.94513, -10.8851)
(49, 16.26663)
31.2549114227295
(58.84149, -13.39841)
(49, 16.26663)
36.3627243041992
(62.20062, -17.61539)
(49, 16.26663)
39.195068359375
(65.02582, -19.50244)
(49, 16.26663)
38.0377349853516
(67.32813, -17.06427)
(49, 16.26663)
37.495304107666
(69.12524, -15.36993)
(49, 16.26663)
36.6606636047363
(70.4408, -13.47049)
(49, 16.26663)
34.7755317687988
(71.30316, -10.41495)
(49, 16.26663)
32.726863861084
(71.74475, -7.264709)
(49, 16.26663)
30.5570182800293
(71.80103, -4.076538)
(49, 16.26663)
29.5655536651611
(71.50964, -2.902039)
(49, 16.26663)
31.0659980773926
(70.90973, -5.757446)
(49, 16.26663)
31.8151359558105
(70.0412, -7.596954)
(49, 16.26663)
30.1875667572021
(68.94391, -6.394562)
(49, 16.26663)
29.3456592559814
(66.65717, -7.172485)
(49, 16.26663)
27.4926223754883
(65.23425, -5.921051)
(49, 16.26663)
23.9724197387695
(63.71008, -2.661926)
(49, 16.26663)
20.4675922393799
(62.11768, 0.555206)
(49, 16.26663)
17.0362529754639
(60.48779, 3.68631)
(49, 16.26663)
13.7349529266357
(58.84857, 6.692993)
(49, 16.26663)
10.6241159439087
(57.22552, 9.542603)
(49, 16.26663)
7.78330755233765
(55.64142, 12.20813)
(49, 16.26663)
5.36004590988159
(54.11609, 14.66797)
(49, 16.26663)
3.72186279296875
(52.66656, 16.90582)
(49, 16.26663)
4.82407665252686
(50.30701, 20.91028)
(49, 16.26663)
8.43016815185547
(48.06378, 24.64465)
(49, 16.26663)
13.7692756652832
(43.95892, 29.07993)
(49, 16.26663)
19.1395645141602
(40.04016, 33.17947)
(49, 16.26663)
21.9898319244385
(37.34766, 34.91537)
(49, 16.26663)
24.4966335296631
(34.89923, 36.29794)
(49, 16.26663)
26.0390796661377
(33.70715, 37.3418)
(49, 16.26663)
25.7822227478027
(33.76367, 37.06512)
(49, 16.26663)
25.9757843017578
(34.04309, 37.50415)
(49, 16.26663)
26.4239635467529
(33.51892, 37.68069)
(49, 16.26663)
25.1762638092041
(34.17938, 36.61838)
(49, 16.26663)
25.6855773925781
(32.99609, 36.35703)
(49, 16.26663)
25.5430011749268
(33.97119, 36.92044)
(49, 16.26663)
25.8055648803711
(34.07422, 37.31772)
(49, 16.26663)
25.0631294250488
(34.29083, 36.55951)
(49, 16.26663)
23.5793113708496
(35.60645, 35.67273)
(49, 16.26663)
23.9427871704102
(34.99139, 35.68353)
(49, 16.26663)
27.2164440155029
(32.44794, 39.60199)
(49, 16.26663)
28.1266422271729
(32.99213, 39.39359)
(49, 16.26663)
25.2795143127441
(34.62201, 37.05911)
(49, 16.26663)
23.1676940917969
(36.30457, 35.64621)
(49, 16.26663)
20.173957824707
(38.00934, 33.1839)
(49, 16.26663)
17.1773090362549
(39.7085, 30.71405)
(49, 16.26663)
14.2231245040894
(41.37708, 28.27448)
(49, 16.26663)
11.3516359329224
(42.99316, 25.89874)
(49, 16.26663)
8.59805011749268
(44.53772, 23.61609)
(49, 16.26663)
5.99284076690674
(45.99475, 21.45148)
(49, 16.26663)
3.56331777572632
(47.3512, 19.42554)
(49, 16.26663)
1.34984016418457
(48.59668, 17.55481)
(49, 16.26663)
0.83413887023926
(49.72369, 15.85184)
(49, 16.26663)
2.59838247299194
(50.72717, 14.32538)
(49, 16.26663)
4.19287586212158
(51.60437, 12.98068)
(49, 16.26663)
5.57039546966553
(52.3548, 11.81976)
(49, 16.26663)
6.72828102111816
(52.97986, 10.84164)
(49, 16.26663)
7.67021799087524
(53.48273, 10.04269)
(49, 16.26663)
8.40329742431641
(53.86804, 9.416992)
(49, 16.26663)
8.93725204467773
(54.14178, 8.956604)
(49, 16.26663)
9.28390979766846
(54.31104, 8.651917)
(49, 16.26663)
9.45678520202637
(54.38373, 8.491913)
(49, 16.26663)
9.47061061859131
(54.36841, 8.464539)
(49, 16.26663)
9.34105491638184
(54.27405, 8.556915)
(49, 16.26663)
8.56192016601563
(53.11005, 8.755707)
(49, 16.26663)
8.43624687194824
(50.90076, 8.047302)
(49, 16.26663)
12.2894687652588
(45.6839, 4.433014)
(49, 16.26663)
27.019702911377
(39.53845, -9.042328)
(49, 16.26663)
45.2055206298828
(36.5495, -27.19052)
(49, 16.26663)
53.4619293212891
(36.74622, -35.77203)
(49, 16.26663)
80.8608322143555
(38.10706, -65.71481)
(49, 16.26663)
105.98445892334
(45.61017, -89.6636)
(49, 16.26663)
114.614685058594
(51.11383, -99.32855)
(49, 16.26663)
133.884918212891
(71.53546, -115.7081)
(49, 16.26663)
149.736953735352
(99.57684, -124.67)
(49, 16.26663)
154.682418823242
(118.8555, -124.2217)
(49, 16.26663)
175.373687744141
(156.2034, -122.5259)
(49, 16.26663)
202.253158569336
(204.1085, -114.7178)
(49, 16.26663)
210.975463867188
(223.0114, -103.0258)
(49, 16.26663)
236.460098266602
(262.8139, -84.71352)
(49, 16.26663)
257.356353759766
(294.1289, -62.1178)
(49, 16.26663)
253.16276550293
(294.7355, -44.60588)
(49, 16.26663)
251.734191894531
(297.8954, -21.43207)
(49, 16.26663)
240.021682739258
(288.8058, 6.089844)
(49, 16.26663)
223.068222045898
(271.8282, 26.61221)
(49, 16.26663)
210.364929199219
(252.4059, 69.92715)
(49, 16.26663)
204.89729309082
(222.9747, 124.5057)
(49, 16.26663)
199.260467529297
(195.077, 152.7028)
(49, 16.26663)
209.416748046875
(154.163, 197.3636)
(49, 16.26663)
227.782241821289
(108.8629, 236.0419)
(49, 16.26663)
233.730117797852
(75.7948, 248.4558)
(49, 16.26663)
246.94660949707
(34.30164, 262.7754)
(49, 16.26663)
259.715667724609
(-6.121704, 270.0654)
(49, 16.26663)
259.256195068359
(-32.07593, 262.5195)
(49, 16.26663)
267.861267089844
(-71.41858, 255.5343)
(49, 16.26663)
279.448059082031
(-117.8207, 240.4587)
(49, 16.26663)
282.427825927734
(-146.8802, 219.7277)
(49, 16.26663)
307.526123046875
(-203.4957, 191.8179)
(49, 16.26663)
332.055816650391
(-251.1621, 158.2659)
(49, 16.26663)
334.111236572266
(-264.5594, 131.639)
(49, 16.26663)
337.552368164063
(-277.9137, 100.3442)
(49, 16.26663)
331.121826171875
(-277.4288, 71.81778)
(49, 16.26663)
315.139526367188
(-264.4959, 48.41071)
(49, 16.26663)
297.738494873047
(-248.6539, 23.36218)
(49, 16.26663)
283.237487792969
(-233.4313, -5.087921)
(49, 16.26663)
264.145355224609
(-211.2945, -28.6727)
(49, 16.26663)
250.777206420898
(-190.767, -57.22491)
(49, 16.26663)
236.962799072266
(-167.2957, -80.51953)
(49, 16.26663)
217.445755004883
(-139.327, -92.43289)
(49, 16.26663)
200.438934326172
(-111.3304, -104.0244)
(49, 16.26663)
182.112518310547
(-84.72845, -107.3524)
(49, 16.26663)
163.599517822266
(-57.8808, -107.5934)
(49, 16.26663)
146.686920166016
(-32.11469, -105.9523)
(49, 16.26663)
123.259925842285
(-15.70844, -88.64203)
(49, 16.26663)
100.840087890625
(4.227783, -74.08917)
(49, 16.26663)
63.4425735473633
(15.54199, -37.63626)
(49, 16.26663)
26.8652896881104
(29.22662, -1.920105)
(49, 16.26663)
8.68122386932373
(46.23938, 24.49722)
(49, 16.26663)
43.8131866455078
(64.49231, 57.24936)
(49, 16.26663)
76.4885711669922
(92.88751, 78.91156)
(49, 16.26663)
97.749626159668
(116.1849, 87.26785)
(49, 16.26663)
140.230010986328
(161.2448, 100.3235)
(49, 16.26663)
197.211196899414
(225.6151, 104.0128)
(49, 16.26663)
266.564849853516
(301.599, 101.4169)
(49, 16.26663)
345.836944580078
(388.3956, 82.70331)
(49, 16.26663)
431.310150146484
(479.1216, 48.26456)
(49, 16.26663)
463.040466308594
(511.9232, 26.68973)
(49, 16.26663)
510.510772705078
(558.9007, -8.68396)
(49, 16.26663)
530.356323242188
(575.992, -43.37604)
(49, 16.26663)
516.676696777344
(560.4693, -56.90427)
(49, 16.26663)
508.937744140625
(548.1268, -85.1821)
(49, 16.26663)
491.801727294922
(525.6317, -104.9404)
(49, 16.26663)
457.507141113281
(488.7366, -110.0048)
(49, 16.26663)
422.399963378906
(449.335, -118.4687)
(49, 16.26663)
381.212890625
(405.2686, -119.3651)
(49, 16.26663)
338.229888916016
(360.3647, -115.8375)
(49, 16.26663)
295.664398193359
(314.3807, -114.081)
(49, 16.26663)
252.312255859375
(269.0145, -107.245)
(49, 16.26663)
209.493011474609
(224.8846, -97.53986)
(49, 16.26663)
168.312683105469
(182.5295, -86.19818)
(49, 16.26663)
130.211456298828
(142.4069, -74.4537)
(49, 16.26663)
96.6027526855469
(104.8955, -62.52286)
(49, 16.26663)
68.5971908569336
(64.29675, -50.60327)
(49, 16.26663)
67.0057830810547
(10.92847, -38.87259)
(49, 16.26663)
94.0640487670898
(-35.77686, -24.48788)
(49, 16.26663)
214.716751098633
(-165.4401, 5.369659)
(49, 16.26663)
360.323120117188
(-310.5204, 40.3049)
(49, 16.26663)
455.411468505859
(-403.4749, 67.90106)
(49, 16.26663)
615.253479003906
(-559.5468, 106.8631)
(49, 16.26663)
763.404235839844
(-714.1832, 142.77)
(49, 16.26663)
816.262939453125
(-763.1583, 157.3186)
(49, 16.26663)
890.493835449219
(-826.7736, 177.5116)
(49, 16.26663)
908.233581542969
(-842.9906, 187.2666)
(49, 16.26663)
879.47265625
(-813.6061, 187.6811)
(49, 16.26663)
838.177001953125
(-772.021, 184.983)
(49, 16.26663)
778.335021972656
(-712.6791, 176.4239)
(49, 16.26663)
710.179138183594
(-645.1461, 166.3184)
(49, 16.26663)
638.209533691406
(-573.9543, 154.9726)
(49, 16.26663)
563.889892578125
(-500.5374, 142.6808)
(49, 16.26663)
488.574676513672
(-426.219, 129.722)
(49, 16.26663)
413.500854492188
(-352.2042, 116.3573)
(49, 16.26663)
339.783660888672
(-279.5729, 102.8276)
(49, 16.26663)
268.417724609375
(-209.2761, 89.35254)
(49, 16.26663)
200.28971862793
(-142.1348, 76.12866)
(49, 16.26663)
136.22819519043
(-78.84064, 63.32925)
(49, 16.26663)
72.8305816650391
(-13.95828, 51.10385)
(49, 16.26663)
25.7746887207031
(59.99521, 39.57843)
(49, 16.26663)
98.1987533569336
(146.3884, 28.85587)
(49, 16.26663)
168.503936767578
(217.4815, 19.01672)
(49, 16.26663)
312.840118408203
(361.838, 15.12024)
(49, 16.26663)
441.041076660156
(490.0114, 11.1456)
(49, 16.26663)
510.975372314453
(559.8522, 5.045258)
(49, 16.26663)
610.441467285156
(659.2461, 0.823273)
(49, 16.26663)
679.965515136719
(728.647, -4.544891)
(49, 16.26663)
697.47314453125
(746.013, -9.064056)
(49, 16.26663)
716.674987792969
(765.0873, -12.75134)
(49, 16.26663)
712.021179199219
(760.5128, -10.63464)
(49, 16.26663)
687.681091308594
(736.2231, -8.82608)
(49, 16.26663)
668.515380859375
(717.354, 1.578003)
(49, 16.26663)
641.85400390625
(690.8466, 19.36203)
(49, 16.26663)
599.824462890625
(648.6621, 30.22122)
(49, 16.26663)
562.377136230469
(609.9011, 56.98517)
(49, 16.26663)
521.090698242188
(565.5028, 85.26193)
(49, 16.26663)
466.506408691406
(508.3965, 97.40271)
(49, 16.26663)
421.088470458984
(454.6097, 129.3871)
(49, 16.26663)
370.541046142578
(394.0179, 151.4085)
(49, 16.26663)
318.048156738281
(332.5099, 160.408)
(49, 16.26663)
272.485595703125
(270.9001, 174.4082)
(49, 16.26663)
230.675552368164
(206.9227, 184.4083)
(49, 16.26663)
198.861999511719
(150.2743, 187.4087)
(49, 16.26663)
181.520782470703
(88.47339, 193.4435)
(49, 16.26663)
180.888458251953
(0.058899, 190.4085)
(49, 16.26663)
204.578491210938
(-66.08008, 185.4084)
(49, 16.26663)
255.545059204102
(-158.5089, 165.4086)
(49, 16.26663)
328.732238769531
(-257.3822, 135.4087)
(49, 16.26663)
371.507202148438
(-307.9025, 119.4084)
(49, 16.26663)
431.12109375
(-377.0172, 82.40836)
(49, 16.26663)
470.819396972656
(-421.4302, 51.40823)
(49, 16.26663)
478.920745849609
(-429.2604, 41.40796)
(49, 16.26663)
488.133697509766
(-439.1337, 16.40793)
(49, 16.26663)
484.185943603516
(-434.5977, -7.594177)
(49, 16.26663)
467.866577148438
(-417.3611, -21.23627)
(49, 16.26663)
449.917419433594
(-396.2529, -48.35159)
(49, 16.26663)
429.240020751953
(-370.0768, -76.58612)
(49, 16.26663)
399.827545166016
(-337.6321, -85.6044)
(49, 16.26663)
371.562255859375
(-301.7324, -106.3928)
(49, 16.26663)
339.902191162109
(-261.1616, -122.7775)
(49, 16.26663)
303.399780273438
(-219.6956, -124.638)
(49, 16.26663)
268.716918945313
(-175.0457, -132.0989)
(49, 16.26663)
232.752807617188
(-131.9001, -130.1882)
(49, 16.26663)
198.842132568359
(-92.85553, -123.0718)
(49, 16.26663)
168.228393554688
(-52.38763, -117.977)
(49, 16.26663)
140.720138549805
(-14.93073, -109.0929)
(49, 16.26663)
117.73323059082
(19.13947, -97.61691)
(49, 16.26663)
105.202522277832
(64.55054, -87.78024)
(49, 16.26663)
110.761177062988
(114.8873, -72.76654)
(49, 16.26663)
126.294929504395
(152.702, -55.81873)
(49, 16.26663)
173.286590576172
(214.7798, -34.18439)
(49, 16.26663)
229.331268310547
(276.563, -12.15674)
(49, 16.26663)
272.712188720703
(321.5545, 6.994507)
(49, 16.26663)
327.736663818359
(376.5586, 27.0697)
(49, 16.26663)
398.66796875
(446.2488, 49.87534)
(49, 16.26663)
430.898315429688
(477.1113, 65.19629)
(49, 16.26663)
476.540374755859
(521.2658, 79.9512)
(49, 16.26663)
506.179443359375
(549.6209, 91.07535)
(49, 16.26663)
495.907867431641
(538.3612, 96.57996)
(49, 16.26663)
485.554412841797
(527.1871, 100.5294)
(49, 16.26663)
457.859619140625
(498.7575, 102.0199)
(49, 16.26663)
421.563934326172
(461.9246, 101.1751)
(49, 16.26663)
382.663024902344
(422.5811, 99.1412)
(49, 16.26663)
342.008453369141
(381.5682, 96.06754)
(49, 16.26663)
300.398529052734
(339.6681, 92.10422)
(49, 16.26663)
258.574645996094
(297.598, 87.39966)
(49, 16.26663)
217.221710205078
(256.0059, 82.09857)
(49, 16.26663)
176.975662231445
(215.4679, 76.34012)
(49, 16.26663)
138.447662353516
(176.4867, 70.25641)
(49, 16.26663)
102.295692443848
(139.4913, 63.97122)
(49, 16.26663)
69.4712829589844
(104.8381, 57.59897)
(49, 16.26663)
42.3138313293457
(72.81274, 51.24396)
(49, 16.26663)
31.8320007324219
(37.63269, 45.99979)
(49, 16.26663)
52.6013984680176
(2.541138, 40.93405)
(49, 16.26663)
113.769828796387
(-62.24438, 40.10486)
(49, 16.26663)
203.196655273438
(-152.0826, 45.50104)
(49, 16.26663)
268.785888671875
(-218.0209, 47.01907)
(49, 16.26663)
389.867736816406
(-338.5599, 58.62402)
(49, 16.26663)
510.720611572266
(-458.4318, 74.13312)
(49, 16.26663)
561.941955566406
(-509.5049, 78.3233)
(49, 16.26663)
648.488586425781
(-594.7931, 94.1636)
(49, 16.26663)
692.307373046875
(-637.7957, 103.4514)
(49, 16.26663)
681.126281738281
(-626.696, 102.1027)
(49, 16.26663)
675.091857910156
(-620.4709, 103.2013)
(49, 16.26663)
650.32666015625
(-595.9413, 99.78604)
(49, 16.26663)
608.089172363281
(-554.1055, 93.9595)
(49, 16.26663)
560.568115234375
(-507.1066, 86.85022)
(49, 16.26663)
504.805084228516
(-452.0661, 77.59311)
(49, 16.26663)
446.163116455078
(-394.1136, 68.34183)
(49, 16.26663)
386.704254150391
(-335.3097, 59.23453)
(49, 16.26663)
327.404968261719
(-276.6215, 50.39346)
(49, 16.26663)
269.143646240234
(-218.9178, 41.92459)
(49, 16.26663)
212.699432373047
(-162.9658, 33.91772)
(49, 16.26663)
158.756118774414
(-109.4294, 26.44678)
(49, 16.26663)
107.920791625977
(-58.87021, 19.57022)
(49, 16.26663)
60.8208351135254
(-11.74222, 19.35809)
(49, 16.26663)
17.7021408081055
(31.57809, 19.40399)
(49, 16.26663)
22.052885055542
(70.82773, 19.40988)
(49, 16.26663)
56.909236907959
(105.825, 19.36273)
(49, 16.26663)
87.5263290405273
(136.4701, 19.40463)
(49, 16.26663)
113.782135009766
(162.7387, 19.40997)
(49, 16.26663)
135.737548828125
(184.6743, 20.41068)
(49, 16.26663)
173.430618286133
(223.3811, 20.40878)
(49, 16.26663)
203.728012084961
(252.7168, 18.40857)
(49, 16.26663)
247.710540771484
(296.663, 11.41241)
(49, 16.26663)
312.904754638672
(360.9997, -7.514771)
(49, 16.26663)
344.822235107422
(392.2977, -16.12253)
(49, 16.26663)
420.337860107422
(465.5165, -40.28366)
(49, 16.26663)
477.977996826172
(521.0656, -58.68042)
(49, 16.26663)
505.767242431641
(547.6788, -68.11331)
(49, 16.26663)
539.938659667969
(580.5505, -78.5372)
(49, 16.26663)
565.43896484375
(604.7618, -87.89664)
(49, 16.26663)
551.524353027344
(590.5455, -88.1727)
(49, 16.26663)
553.609558105469
(591.6277, -93.45456)
(49, 16.26663)
535.879760742188
(573.4623, -93.76242)
(49, 16.26663)
499.016479492188
(536.7464, -89.18906)
(49, 16.26663)
459.655181884766
(497.386, -84.8912)
(49, 16.26663)
415.082946777344
(453.2358, -78.00577)
(49, 16.26663)
364.186096191406
(403.1371, -68.69479)
(49, 16.26663)
316.546539306641
(355.9362, -61.14047)
(49, 16.26663)
267.341735839844
(307.3514, -52.4805)
(49, 16.26663)
216.979156494141
(258.0497, -41.85532)
(49, 16.26663)
167.571212768555
(209.6425, -31.42081)
(49, 16.26663)
120.667793273926
(163.6664, -21.31445)
(49, 16.26663)
76.8217239379883
(120.5679, -11.655)
(49, 16.26663)
36.865161895752
(80.70569, -2.542664)
(49, 16.26663)
11.3230772018433
(44.35413, 5.940552)
(49, 16.26663)
37.3787498474121
(11.7074, 13.73035)
(49, 16.26663)
67.1622467041016
(-18.11523, 18.77921)
(49, 16.26663)
111.084602355957
(-62.04883, 19.08548)
(49, 16.26663)
149.92253112793
(-100.8234, 21.71884)
(49, 16.26663)
210.287231445313
(-161.2731, 18.70709)
(49, 16.26663)
319.924957275391
(-270.9237, 17.15991)
(49, 16.26663)
370.642700195313
(-321.6105, 21.15405)
(49, 16.26663)
461.336364746094
(-412.1694, 28.67548)
(49, 16.26663)
557.345947265625
(-507.8549, 39.65863)
(49, 16.26663)
580.732360839844
(-530.9189, 46.99258)
(49, 16.26663)
627.014831542969
(-576.7778, 55.63223)
(49, 16.26663)
640.026733398438
(-589.4941, 60.53244)
(49, 16.26663)
618.231567382813
(-567.5615, 61.67865)
(49, 16.26663)
587.6884765625
(-536.9736, 61.12906)
(49, 16.26663)
546.504577636719
(-495.755, 59.96149)
(49, 16.26663)
496.764587402344
(-445.9869, 58.25525)
(49, 16.26663)
444.558013916016
(-393.7708, 56.08981)
(49, 16.26663)
390.916076660156
(-340.1347, 53.54358)
(49, 16.26663)
336.789398193359
(-286.0253, 50.69281)
(49, 16.26663)
283.042266845703
(-232.3014, 47.61072)
(49, 16.26663)
230.449966430664
(-179.7303, 44.36667)
(49, 16.26663)
179.699279785156
(-128.9855, 41.02554)
(49, 16.26663)
131.396453857422
(-80.64529, 37.64713)
(49, 16.26663)
86.1010971069336
(-35.19446, 34.28586)
(49, 16.26663)
44.5303993225098
(6.974213, 30.99042)
(49, 16.26663)
12.0400114059448
(45.5564, 27.80368)
(49, 16.26663)
32.4634666442871
(80.33203, 24.76254)
(49, 16.26663)
62.4146690368652
(111.1601, 21.8981)
(49, 16.26663)
89.0224838256836
(137.973, 19.23563)
(49, 16.26663)
128.888549804688
(177.7699, 21.79486)
(49, 16.26663)
165.561294555664
(214.3557, 24.51526)
(49, 16.26663)
230.236419677734
(278.6025, 33.33987)
(49, 16.26663)
312.608306884766
(359.9806, 48.12592)
(49, 16.26663)
357.930114746094
(404.7562, 55.65549)
(49, 16.26663)
445.816345214844
(490.8179, 75.84125)
(49, 16.26663)
530.326416015625
(572.4462, 101.4148)
(49, 16.26663)
556.71533203125
(597.0599, 114.0538)
(49, 16.26663)
602.553283691406
(638.9913, 138.6621)
(49, 16.26663)
620.902038574219
(653.2798, 158.9736)
(49, 16.26663)
601.261047363281
(632.3752, 161.8284)
(49, 16.26663)
581.705017089844
(610.2104, 169.3143)
(49, 16.26663)
552.092102050781
(577.644, 175.4558)
(49, 16.26663)
510.055633544922
(534.6045, 172.2954)
(49, 16.26663)
467.111480712891
(490.0849, 170.0106)
(49, 16.26663)
420.469421386719
(442.001, 165.7481)
(49, 16.26663)
368.23046875
(390.2305, 154.6696)
(49, 16.26663)
317.459991455078
(339.6186, 144.0229)
(49, 16.26663)
265.040954589844
(287.9086, 131.0246)
(49, 16.26663)
216.089874267578
(237.7859, 121.408)
(49, 16.26663)
176.360382080078
(189.8437, 122.4082)
(49, 16.26663)
142.836090087891
(144.5831, 122.4081)
(49, 16.26663)
118.824073791504
(102.4147, 122.4081)
(49, 16.26663)
111.651794433594
(59.66211, 127.4081)
(49, 16.26663)
115.434730529785
(21.62476, 128.4084)
(49, 16.26663)
134.157821655273
(-21.49823, 130.4083)
(49, 16.26663)
166.669525146484
(-72.45142, 130.4081)
(49, 16.26663)
198.847549438477
(-115.8876, 127.4081)
(49, 16.26663)
248.261734008789
(-178.6067, 115.4084)
(49, 16.26663)
278.776092529297
(-215.1399, 105.4082)
(49, 16.26663)
332.570526123047
(-279.4576, 68.40808)
(49, 16.26663)
379.116851806641
(-330.1168, 16.40796)
(49, 16.26663)
399.277740478516
(-348.9232, -16.59415)
(49, 16.26663)
427.877899169922
(-367.1797, -83.1012)
(49, 16.26663)
432.2734375
(-361.1682, -120.1971)
(49, 16.26663)
434.273284912109
(-344.5054, -168.4364)
(49, 16.26663)
428.790802001953
(-319.9063, -202.2962)
(49, 16.26663)
407.134490966797
(-291.1334, -208.4916)
(49, 16.26663)
389.754119873047
(-256.9359, -225.2111)
(49, 16.26663)
364.440582275391
(-221.0691, -228.4365)
(49, 16.26663)
333.665100097656
(-187.2379, -219.3688)
(49, 16.26663)
300.226165771484
(-149.0463, -210.3734)
(49, 16.26663)
268.913970947266
(-111.1031, -199.7928)
(49, 16.26663)
234.938018798828
(-72.95276, -184.9295)
(49, 16.26663)
204.391448974609
(-14.07312, -178.1495)
(49, 16.26663)
178.902206420898
(47.76465, -162.6313)
(49, 16.26663)
165.990631103516
(96.83716, -142.6815)
(49, 16.26663)
195.594680786133
(185.6849, -123.6424)
(49, 16.26663)
285.853393554688
(309.3275, -101.8085)
(49, 16.26663)
324.080841064453
(358.301, -80.48698)
(49, 16.26663)
398.787933349609
(442.4376, -59.94627)
(49, 16.26663)
470.396362304688
(516.089, -39.41644)
(49, 16.26663)
496.103942871094
(543.7689, -20.10434)
(49, 16.26663)
528.015502929688
(576.7593, -0.177887)
(49, 16.26663)
533.242431640625
(582.2343, 19.20259)
(49, 16.26663)
514.10107421875
(562.7632, 34.90097)
(49, 16.26663)
485.261749267578
(533.2328, 47.85001)
(49, 16.26663)
450.625732421875
(497.592, 59.03038)
(49, 16.26663)
413.353179931641
(458.7864, 70.45126)
(49, 16.26663)
374.548614501953
(417.7145, 82.11729)
(49, 16.26663)
334.615661621094
(373.2191, 99.02895)
(49, 16.26663)
295.411254882813
(329.11, 110.108)
(49, 16.26663)
258.640747070313
(281.1101, 130.3716)
(49, 16.26663)
224.437057495117
(230.9286, 147.6971)
(49, 16.26663)
193.755035400391
(184.2363, 155.0187)
(49, 16.26663)
172.837615966797
(134.5847, 166.4269)
(49, 16.26663)
160.860778808594
(89.51453, 171.9418)
(49, 16.26663)
152.442413330078
(52.4436, 168.6701)
(49, 16.26663)
151.6455078125
(18.62817, 164.8396)
(49, 16.26663)
153.894943237305
(-11.75024, 157.6635)
(49, 16.26663)
157.958862304688
(-37.57947, 148.384)
(49, 16.26663)
169.724182128906
(-65.82715, 141.2507)
(49, 16.26663)
188.030059814453
(-96.42761, 135.456)
(49, 16.26663)
200.986053466797
(-119.2866, 126.153)
(49, 16.26663)
252.740341186523
(-176.4354, 130.5319)
(49, 16.26663)
321.722747802734
(-249.3878, 136.559)
(49, 16.26663)
329.961975097656
(-262.4691, 125.1789)
(49, 16.26663)
391.724304199219
(-325.9703, 129.6032)
(49, 16.26663)
459.929534912109
(-395.3969, 134.7851)
(49, 16.26663)
484.16943359375
(-421.2147, 131.6709)
(49, 16.26663)
559.973754882813
(-496.5977, 142.3371)
(49, 16.26663)
635.332092285156
(-571.9583, 150.6457)
(49, 16.26663)
646.811950683594
(-584.7684, 145.5077)
(49, 16.26663)
691.747985839844
(-629.4911, 151.0448)
(49, 16.26663)
708.814819335938
(-646.0641, 155.2066)
(49, 16.26663)
669.583740234375
(-607.8988, 145.9831)
(49, 16.26663)
635.762084960938
(-574.0966, 142.5362)
(49, 16.26663)
588.158813476563
(-526.6432, 136.955)
(49, 16.26663)
527.780151367188
(-467.6005, 124.3215)
(49, 16.26663)
465.037963867188
(-406.113, 111.8306)
(49, 16.26663)
399.420837402344
(-342.2476, 96.6553)
(49, 16.26663)
333.344177246094
(-278, 80.9917)
(49, 16.26663)
269.102355957031
(-215.2722, 67.02359)
(49, 16.26663)
206.942428588867
(-154.8531, 51.89093)
(49, 16.26663)
147.983932495117
(-97.41809, 37.73718)
(49, 16.26663)
95.1612701416016
(-43.53979, 38.44891)
(49, 16.26663)
48.0486450195313
(6.347382, 38.38962)
(49, 16.26663)
22.3286552429199
(51.88556, 38.40805)
(49, 16.26663)
49.1020698547363
(92.82663, 38.40799)
(49, 16.26663)
89.6150894165039
(135.0161, 41.40799)
(49, 16.26663)
126.812301635742
(173.2966, 41.40057)
(49, 16.26663)
175.540969848633
(222.5845, 42.4017)
(49, 16.26663)
229.024124145508
(276.64, 41.40814)
(49, 16.26663)
269.854766845703
(318.1753, 35.40427)
(49, 16.26663)
386.795227050781
(435.1193, -6.590057)
(49, 16.26663)
506.050384521484
(548.278, -66.24713)
(49, 16.26663)
577.318481445313
(612.6309, -108.7009)
(49, 16.26663)
715.790954589844
(733.994, -191.4347)
(49, 16.26663)
808.538269042969
(820.3459, -251.3797)
(49, 16.26663)
827.987426757813
(827.3975, -265.9754)
(49, 16.26663)
865.80810546875
(854.8679, -300.278)
(49, 16.26663)
844.561706542969
(829.2032, -307.1021)
(49, 16.26663)
799.669250488281
(783.6021, -299.6933)
(49, 16.26663)
748.952758789063
(730.4419, -294.486)
(49, 16.26663)
688.887756347656
(669.0762, -283.8531)
(49, 16.26663)
618.559692382813
(601.8459, -261.1817)
(49, 16.26663)
549.997131347656
(534.0459, -243.0157)
(49, 16.26663)
478.673431396484
(464.8502, -220.7921)
(49, 16.26663)
405.472381591797
(396.3364, -192.9349)
(49, 16.26663)
334.154754638672
(328.4639, -166.9255)
(49, 16.26663)
264.134002685547
(261.0867, -141.1691)
(49, 16.26663)
198.660888671875
(198.9659, -114.0268)
(49, 16.26663)
135.514312744141
(130.7076, -91.84438)
(49, 16.26663)
91.4712448120117
(56.94971, -74.85851)
(49, 16.26663)
93.2312622070313
(-9.651733, -56.20435)
(49, 16.26663)
157.067184448242
(-95.61328, -45.02854)
(49, 16.26663)
250.026214599609
(-195.2095, -37.35089)
(49, 16.26663)
305.878387451172
(-254.5829, -21.13674)
(49, 16.26663)
399.080963134766
(-348.5652, -18.48296)
(49, 16.26663)
520.769348144531
(-470.4858, -20.27331)
(49, 16.26663)
572.987426757813
(-523.3221, -11.33652)
(49, 16.26663)
676.613830566406
(-627.1899, -7.679371)
(49, 16.26663)
776.4990234375
(-727.4281, 5.771255)
(49, 16.26663)
796.50439453125
(-747.496, 19.93425)
(49, 16.26663)
861.516052246094
(-812.1096, 42.72593)
(49, 16.26663)
900.728881835938
(-850.2454, 67.94155)
(49, 16.26663)
877.923522949219
(-826.2788, 84.36049)
(49, 16.26663)
867.549194335938
(-813.4797, 109.9161)
(49, 16.26663)
827.869995117188
(-770.8234, 131.4115)
(49, 16.26663)
769.268737792969
(-709.6353, 143.7301)
(49, 16.26663)
709.66455078125
(-646.3865, 157.9049)
(49, 16.26663)
639.201721191406
(-572.4318, 165.9377)
(49, 16.26663)
561.463439941406
(-492.1511, 165.9221)
(49, 16.26663)
487.762603759766
(-413.8812, 171.0632)
(49, 16.26663)
414.586517333984
(-333.795, 175.4833)
(49, 16.26663)
341.702026367188
(-253.9756, 174.2731)
(49, 16.26663)
273.910949707031
(-155.3935, 198.6138)
(49, 16.26663)
218.55744934082
(-57.20367, 207.2853)
(49, 16.26663)
193.843811035156
(31.56021, 209.3243)
(49, 16.26663)
238.501281738281
(155.1093, 229.8636)
(49, 16.26663)
363.654632568359
(318.2119, 260.745)
(49, 16.26663)
439.96533203125
(414.166, 261.6711)
(49, 16.26663)
551.726440429688
(537.4472, 272.8235)
(49, 16.26663)
657.996032714844
(652.1736, 279.2122)
(49, 16.26663)
722.202819824219
(723.6797, 273.918)
(49, 16.26663)
790.260437011719
(804.015, 272.1884)
(49, 16.26663)
845.96240234375
(857.1966, 266.2079)
(49, 16.26663)
845.3037109375
(862.4371, 246.1764)
(49, 16.26663)
864.282165527344
(884.7519, 236.4993)
(49, 16.26663)
851.3837890625
(875.799, 219.3865)
(49, 16.26663)
808.449401855469
(837.6394, 194.1382)
(49, 16.26663)
768.067810058594
(800.6662, 174.1466)
(49, 16.26663)
717.208862304688
(753.1153, 152.686)
(49, 16.26663)
650.752563476563
(690.2578, 127.0251)
(49, 16.26663)
584.164306640625
(626.4671, 104.469)
(49, 16.26663)
515.235473632813
(559.9935, 82.24539)
(49, 16.26663)
441.034423828125
(488.0024, 58.5545)
(49, 16.26663)
368.187164306641
(416.6254, 36.59839)
(49, 16.26663)
297.871765136719
(346.8716, 16.5329)
(49, 16.26663)
231.310882568359
(279.6252, -1.530029)
(49, 16.26663)
170.034561157227
(215.644, -17.51971)
(49, 16.26663)
116.738052368164
(155.5613, -31.40363)
(49, 16.26663)
74.0971755981445
(99.88855, -37.59195)
(49, 16.26663)
53.0506935119629
(49.01953, -36.78406)
(49, 16.26663)
68.9155502319336
(3.237183, -35.2612)
(49, 16.26663)
99.4138793945313
(-37.2804, -33.11771)
(49, 16.26663)
130.126220703125
(-72.45203, -30.44781)
(49, 16.26663)
160.162078857422
(-103.2848, -33.34418)
(49, 16.26663)
186.558578491211
(-129.85, -36.80676)
(49, 16.26663)
210.914199829102
(-150.2759, -52.82697)
(49, 16.26663)
232.801803588867
(-163.77, -78.20874)
(49, 16.26663)
242.602066040039
(-171.6232, -85.63522)
(49, 16.26663)
261.660278320313
(-171.1818, -125.1055)
(49, 16.26663)
285.329895019531
(-159.8817, -178.1082)
(49, 16.26663)
293.290832519531
(-151.2784, -197.995)
(49, 16.26663)
314.444549560547
(-130.8313, -241.6792)
(49, 16.26663)
340.888549804688
(-109.1315, -285.7258)
(49, 16.26663)
340.823303222656
(-94.72961, -292.7679)
(49, 16.26663)
363.672943115234
(-74.01196, -325.9702)
(49, 16.26663)
375.673767089844
(-60.4209, -343.1187)
(49, 16.26663)
364.999664306641
(-49.24768, -335.2617)
(49, 16.26663)
354.369171142578
(-39.71802, -326.8174)
(49, 16.26663)
335.863586425781
(-30.01062, -310.1712)
(49, 16.26663)
307.732391357422
(-19.28882, -283.7931)
(49, 16.26663)
278.563018798828
(-8.714844, -256.2519)
(49, 16.26663)
253.022354125977
(0.567505, -232.0771)
(49, 16.26663)
221.344375610352
(10.44812, -201.6946)
(49, 16.26663)
194.364944458008
(17.81897, -175.5809)
(49, 16.26663)
162.912017822266
(26.62036, -145.1009)
(49, 16.26663)
128.596603393555
(35.77734, -111.6484)
(49, 16.26663)
96.0082321166992
(44.21692, -79.62238)
(49, 16.26663)
65.6906204223633
(51.88428, -49.36064)
(49, 16.26663)
38.6549758911133
(58.7417, -21.14067)
(49, 16.26663)
19.4850368499756
(64.76721, 4.818413)
(49, 16.26663)
