Godot Engine v4.3.stable.official.77dcf97d8 - https://godotengine.org
Vulkan 1.3.260 - Forward+ - Using Device #0: NVIDIA - NVIDIA GeForce GTX 1070

0
(35, 68.12777)
(35, 68.12777)
0.29351806640625
(35, 67.83425)
(35, 68.12777)
3.11350512504578
(38, 68.96078)
(35, 68.12777)
13.8758792877197
(45.98032, 76.61144)
(35, 68.12777)
26.9706382751465
(57.88976, 82.3922)
(35, 68.12777)
37.2996063232422
(67.65073, 86.1608)
(35, 68.12777)
98.7210235595703
(126.2217, 105.8694)
(35, 68.12777)
145.533660888672
(171.6709, 118.1388)
(35, 68.12777)
168.400405883789
(193.6816, 124.5089)
(35, 68.12777)
225.021072387695
(249.0442, 137.5508)
(35, 68.12777)
274.020263671875
(298.1051, 144.6967)
(35, 68.12777)
274.959289550781
(300.4313, 139.8833)
(35, 68.12777)
271.523406982422
(303.3033, 131.3267)
(35, 68.12777)
220.157333374023
(251.7003, 106.9897)
(35, 68.12777)
81.4777374267578
(116.1694, 61.04652)
(35, 68.12777)
35.1672859191895
(46.91583, 35.04076)
(35, 68.12777)
40.4594421386719
(63.33368, 39.24579)
(35, 68.12777)
48.8569068908691
(76.76471, 42.77612)
(35, 68.12777)
90.1368865966797
(124.3755, 56.43723)
(35, 68.12777)
138.701019287109
(173.678, 70.65594)
(35, 68.12777)
154.270812988281
(189.1228, 74.884)
(35, 68.12777)
192.767929077148
(226.8434, 86.98438)
(35, 68.12777)
210.348358154297
(243.6874, 94.5098)
(35, 68.12777)
196.050735473633
(229.335, 94.00809)
(35, 68.12777)
172.99382019043
(206.1418, 93.37323)
(35, 68.12777)
130.864791870117
(164.2242, 88.78424)
(35, 68.12777)
89.536979675293
(123.0864, 84.17935)
(35, 68.12777)
57.6726417541504
(91.3197, 80.54651)
(35, 68.12777)
37.7775382995605
(71.40765, 78.20871)
(35, 68.12777)
27.0009613037109
(60.54248, 76.88184)
(35, 68.12777)
21.5697555541992
(55.01794, 76.16122)
(35, 68.12777)
18.8775005340576
(52.26593, 75.7598)
(35, 68.12777)
17.5030612945557
(50.86707, 75.51651)
(35, 68.12777)
16.7470092773438
(50.1098, 75.3497)
(35, 68.12777)
16.2792568206787
(49.65326, 75.21976)
(35, 68.12777)
15.9463329315186
(49.33746, 75.10794)
(35, 68.12777)
15.6773529052734
(49.0882, 75.00543)
(35, 68.12777)
15.4396753311157
(48.87122, 74.90811)
(35, 68.12777)
15.2182931900024
(48.67078, 74.81406)
(35, 68.12777)
13.2390089035034
(46.47968, 74.72235)
(35, 68.12777)
12.1922597885132
(45.3114, 74.63364)
(35, 68.12777)
12.0207490921021
(45.1629, 74.54758)
(35, 68.12777)
11.8586797714233
(45.02435, 74.46344)
(35, 68.12777)
11.7022037506104
(44.89142, 74.38089)
(35, 68.12777)
11.5494871139526
(44.76202, 74.29977)
(35, 68.12777)
11.3997936248779
(44.63538, 74.21997)
(35, 68.12777)
11.2526931762695
(44.51099, 74.14145)
(35, 68.12777)
11.1079998016357
(44.38867, 74.06415)
(35, 68.12777)
10.9656095504761
(44.26831, 73.98807)
(35, 68.12777)
10.8254375457764
(44.14984, 73.91315)
(35, 68.12777)
10.6874332427979
(44.0332, 73.83939)
(35, 68.12777)
9.72101306915283
(42.91833, 73.76675)
(35, 68.12777)
8.04934883117676
(40.81299, 73.69565)
(35, 68.12777)
7.25187969207764
(39.72784, 73.62662)
(35, 68.12777)
5.67941904067993
(36.65924, 73.55942)
(35, 68.12777)
4.41057205200195
(35.61969, 72.4946)
(35, 68.12777)
5.49089574813843
(31.59955, 72.43903)
(35, 68.12777)
8.52690029144287
(27.61401, 72.38867)
(35, 68.12777)
8.45725727081299
(27.6673, 72.34164)
(35, 68.12777)
8.37573432922363
(27.73523, 72.29623)
(35, 68.12777)
8.29013061523438
(27.80841, 72.25177)
(35, 68.12777)
8.20352363586426
(27.88312, 72.20795)
(35, 68.12777)
8.11708354949951
(27.95795, 72.16467)
(35, 68.12777)
8.03130912780762
(28.03229, 72.12189)
(35, 68.12777)
7.94630813598633
(28.10602, 72.07959)
(35, 68.12777)
7.86222267150879
(28.17896, 72.03775)
(35, 68.12777)
7.7790002822876
(28.25116, 71.99637)
(35, 68.12777)
7.69669389724731
(28.32257, 71.95544)
(35, 68.12777)
7.61528825759888
(28.39319, 71.91495)
(35, 68.12777)
7.53473091125488
(28.46307, 71.87488)
(35, 68.12777)
7.4550895690918
(28.53217, 71.83527)
(35, 68.12777)
7.37629556655884
(28.60052, 71.79608)
(35, 68.12777)
7.29835033416748
(28.66815, 71.75732)
(35, 68.12777)
7.22123718261719
(28.73505, 71.71896)
(35, 68.12777)
7.14497184753418
(28.80121, 71.68103)
(35, 68.12777)
7.06948661804199
(28.8667, 71.64349)
(35, 68.12777)
6.99484920501709
(28.93146, 71.60638)
(35, 68.12777)
6.92099142074585
(28.99554, 71.56967)
(35, 68.12777)
6.84796667098999
(29.0589, 71.53336)
(35, 68.12777)
6.77570629119873
(29.12158, 71.49741)
(35, 68.12777)
6.70422601699829
(29.18359, 71.46185)
(35, 68.12777)
6.63352489471436
(29.24493, 71.4267)
(35, 68.12777)
6.56358861923218
(29.3056, 71.39191)
(35, 68.12777)
6.4943642616272
(29.36566, 71.35748)
(35, 68.12777)
6.42590427398682
(29.42505, 71.32343)
(35, 68.12777)
6.35815620422363
(29.48383, 71.28973)
(35, 68.12777)
6.29117250442505
(29.54193, 71.25641)
(35, 68.12777)
6.2249002456665
(29.59943, 71.22345)
(35, 68.12777)
12.5149040222168
(22.65631, 70.19083)
(35, 68.12777)
25.2468547821045
(9.753174, 68.16611)
(35, 68.12777)
31.0837535858154
(3.931396, 67.15738)
(35, 68.12777)
51.9861183166504
(-16.83447, 64.15988)
(35, 68.12777)
59.7666969299316
(-24.47028, 62.18265)
(35, 68.12777)
81.4021377563477
(-46.01746, 60.22336)
(35, 68.12777)
97.8246231079102
(-62.32861, 58.28925)
(35, 68.12777)
105.888648986816
(-70.34253, 57.38733)
(35, 68.12777)
115.682563781738
(-80.09802, 56.51309)
(35, 68.12777)
123.179412841797
(-87.54779, 55.66962)
(35, 68.12777)
127.377174377441
(-91.68414, 54.85852)
(35, 68.12777)
139.173812866211
(-103.5606, 55.07758)
(35, 68.12777)
148.602432250977
(-112.9608, 54.33362)
(35, 68.12777)
153.380172729492
(-117.7858, 54.63818)
(35, 68.12777)
159.69921875
(-124.0715, 53.98187)
(35, 68.12777)
168.412460327148
(-132.765, 53.37387)
(35, 68.12777)
167.295425415039
(-131.6833, 53.83026)
(35, 68.12777)
171.648620605469
(-136.0927, 54.3244)
(35, 68.12777)
173.495422363281
(-137.9073, 53.85501)
(35, 68.12777)
171.742980957031
(-136.1954, 54.42389)
(35, 68.12777)
178.821212768555
(-143.1809, 53.00854)
(35, 68.12777)
185.207183837891
(-149.5591, 52.64725)
(35, 68.12777)
182.676193237305
(-147.0781, 53.35812)
(35, 68.12777)
183.605712890625
(-148.0696, 54.10681)
(35, 68.12777)
181.124938964844
(-145.5638, 53.88113)
(35, 68.12777)
174.371398925781
(-138.851, 54.66635)
(35, 68.12777)
171.912551879883
(-136.4422, 55.41962)
(35, 68.12777)
170.905044555664
(-135.4101, 55.13025)
(35, 68.12777)
169.180480957031
(-133.7313, 55.80807)
(35, 68.12777)
176.791809082031
(-141.4056, 56.44797)
(35, 68.12777)
183.162460327148
(-147.8292, 57.08328)
(35, 68.12777)
184.970657348633
(-149.6193, 56.73251)
(35, 68.12777)
194.098846435547
(-158.8024, 57.4039)
(35, 68.12777)
198.092803955078
(-162.7868, 57.12164)
(35, 68.12777)
190.730285644531
(-155.4558, 57.89899)
(35, 68.12777)
189.830154418945
(-154.5952, 58.68515)
(35, 68.12777)
187.549591064453
(-152.3494, 59.46527)
(35, 68.12777)
180.138442993164
(-144.9648, 60.22125)
(35, 68.12777)
175.253768920898
(-140.1054, 60.91803)
(35, 68.12777)
168.18196105957
(-133.053, 61.54208)
(35, 68.12777)
159.280624389648
(-124.1658, 62.07996)
(35, 68.12777)
150.871765136719
(-115.7676, 62.52325)
(35, 68.12777)
147.025695800781
(-111.9319, 62.87634)
(35, 68.12777)
142.416778564453
(-107.3301, 63.15918)
(35, 68.12777)
141.821472167969
(-106.7422, 63.38684)
(35, 68.12777)
143.851181030273
(-108.8073, 64.57721)
(35, 68.12777)
142.209503173828
(-107.169, 64.73508)
(35, 68.12777)
142.819229125977
(-107.782, 64.86929)
(35, 68.12777)
150.558624267578
(-116.5259, 64.98788)
(35, 68.12777)
152.026397705078
(-117.0129, 66.1019)
(35, 68.12777)
158.280609130859
(-123.2779, 67.2012)
(35, 68.12777)
161.101974487305
(-126.1019, 68.28177)
(35, 68.12777)
160.465591430664
(-125.4655, 68.33768)
(35, 68.12777)
164.533355712891
(-129.5286, 69.37512)
(35, 68.12777)
168.183898925781
(-133.1523, 71.38736)
(35, 68.12777)
177.295593261719
(-142.2185, 73.35556)
(35, 68.12777)
188.555435180664
(-153.3341, 77.26041)
(35, 68.12777)
188.187805175781
(-152.8707, 79.04803)
(35, 68.12777)
191.840393066406
(-156.0331, 85.70868)
(35, 68.12777)
185.875885009766
(-149.5672, 90.14581)
(35, 68.12777)
174.823120117188
(-137.9965, 93.33389)
(35, 68.12777)
162.924942016602
(-125.2906, 97.30765)
(35, 68.12777)
150.947006225586
(-112.3001, 101.1079)
(35, 68.12777)
138.05158996582
(-98.63025, 102.7861)
(35, 68.12777)
120.763580322266
(-77.7319, 111.4332)
(35, 68.12777)
97.9721832275391
(-48.71625, 119.0212)
(35, 68.12777)
80.7687911987305
(-24.66476, 122.5678)
(35, 68.12777)
62.4571380615234
(11.73978, 126.092)
(35, 68.12777)
63.170093536377
(49.77414, 129.5459)
(35, 68.12777)
73.1038131713867
(72.73193, 130.7414)
(35, 68.12777)
111.080200195313
(124.726, 133.611)
(35, 68.12777)
155.406692504883
(177.2679, 130.6665)
(35, 68.12777)
188.353179931641
(214.1525, 126.2766)
(35, 68.12777)
236.247177124023
(265.5684, 119.6151)
(35, 68.12777)
288.503936767578
(320.6663, 108.4925)
(35, 68.12777)
282.735687255859
(318.9988, 88.5274)
(35, 68.12777)
284.830810546875
(319.5243, 54.91699)
(35, 68.12777)
236.620681762695
(261.8369, 0.789886)
(35, 68.12777)
170.886734008789
(137.5029, -68.60349)
(35, 68.12777)
138.172058105469
(55.00024, -68.58911)
(35, 68.12777)
134.778335571289
(39.12378, -66.58746)
(35, 68.12777)
132.559310913086
(29.90656, -64.33365)
(35, 68.12777)
130.345886230469
(40.4104, -62.10577)
(35, 68.12777)
128.05500793457
(52.59985, -58.84674)
(35, 68.12777)
126.297889709473
(55.38153, -56.51471)
(35, 68.12777)
125.134460449219
(65.76514, -53.16583)
(35, 68.12777)
125.837074279785
(76.29474, -50.74069)
(35, 68.12777)
124.98747253418
(80.76392, -48.18015)
(35, 68.12777)
124.754936218262
(84.15564, -46.53485)
(35, 68.12777)
123.310623168945
(84.46924, -44.82489)
(35, 68.12777)
121.447418212891
(83.74683, -43.10721)
(35, 68.12777)
119.616691589355
(83.02399, -41.42517)
(35, 68.12777)
117.842483520508
(82.31732, -39.79776)
(35, 68.12777)
116.133491516113
(81.63373, -38.23145)
(35, 68.12777)
114.490867614746
(80.97534, -36.72653)
(35, 68.12777)
112.912254333496
(80.34198, -35.28055)
(35, 68.12777)
111.394035339355
(79.73254, -33.89001)
(35, 68.12777)
109.932113647461
(79.14557, -32.55112)
(35, 68.12777)
109.044815063477
(77.57959, -32.26022)
(35, 68.12777)
108.41716003418
(74.0437, -33.01505)
(35, 68.12777)
111.689155578613
(59.56268, -40.827)
(35, 68.12777)
131.956024169922
(30.24121, -63.7424)
(35, 68.12777)
155.229934692383
(7.155762, -84.58447)
(35, 68.12777)
218.948120117188
(-46.68353, -135.0128)
(35, 68.12777)
287.731567382813
(-104.5963, -183.4718)
(35, 68.12777)
305.325134277344
(-125.9915, -191.3047)
(35, 68.12777)
345.19091796875
(-174.7896, -205.9983)
(35, 68.12777)
373.578674316406
(-219.3381, -205.5018)
(35, 68.12777)
352.917785644531
(-224.2496, -171.3311)
(35, 68.12777)
328.603729248047
(-236.5185, -116.9617)
(35, 68.12777)
288.300262451172
(-235.2157, -32.37354)
(35, 68.12777)
213.689819335938
(-178.4067, 79.12435)
(35, 68.12777)
223.357925415039
(-156.1769, 183.6274)
(35, 68.12777)
284.376495361328
(-109.4034, 313.1128)
(35, 68.12777)
460.261688232422
(39.31708, 528.3692)
(35, 68.12777)
1104.73400878906
(476.1804, 1080.944)
(35, 68.12777)
5266.654296875
(3243.404, 4244.704)
(35, 68.12777)
116003.9140625
(76966.33, 86890.77)
(35, 68.12777)
63277224
(42130224, 47212928)
(35, 68.12777)
19649756397568
(13082974748672, 14661127766016)
(35, 68.12777)
inf
(1263959086485156300000000, 1416426037940384100000000)
(35, 68.12777)
nan
(nan, nan)
(35, 68.12777)
nan
(nan, nan)
(35, 68.12777)
nan
(nan, nan)
(35, 68.12777)
nan
(nan, nan)
(35, 68.12777)
nan
(nan, nan)
(35, 68.12777)
nan
(nan, nan)
(35, 68.12777)
nan
(nan, nan)
(35, 68.12777)
nan
(nan, nan)
(35, 68.12777)
nan
(nan, nan)
(35, 68.12777)
nan
(nan, nan)
(35, 68.12777)
nan
(nan, nan)
(35, 68.12777)
nan
(nan, nan)
(35, 68.12777)
nan
(nan, nan)
(35, 68.12777)
nan
(nan, nan)
(35, 68.12777)
nan
(nan, nan)
(35, 68.12777)
nan
(nan, nan)
(35, 68.12777)
nan
(nan, nan)
(35, 68.12777)
nan
(nan, nan)
(35, 68.12777)
nan
(nan, nan)
(35, 68.12777)
nan
(nan, nan)
(35, 68.12777)
nan
(nan, nan)
(35, 68.12777)
nan
(nan, nan)
(35, 68.12777)
nan
(nan, nan)
(35, 68.12777)
nan
(nan, nan)
(35, 68.12777)
nan
(nan, nan)
(35, 68.12777)
nan
(nan, nan)
(35, 68.12777)
nan
(nan, nan)
(35, 68.12777)
nan
(nan, nan)
(35, 68.12777)
nan
(nan, nan)
(35, 68.12777)
nan
(nan, nan)
(35, 68.12777)
nan
(nan, nan)
(35, 68.12777)
nan
(nan, nan)
(35, 68.12777)
nan
(nan, nan)
(35, 68.12777)
nan
(nan, nan)
(35, 68.12777)
nan
(nan, nan)
(35, 68.12777)
nan
(nan, nan)
(35, 68.12777)
nan
(nan, nan)
(35, 68.12777)
nan
(nan, nan)
(35, 68.12777)
nan
(nan, nan)
(35, 68.12777)
nan
(nan, nan)
(35, 68.12777)
nan
(nan, nan)
(35, 68.12777)
nan
(nan, nan)
(35, 68.12777)
nan
(nan, nan)
(35, 68.12777)
