Godot Engine v4.3.stable.official.77dcf97d8 - https://godotengine.org
Vulkan 1.3.260 - Forward+ - Using Device #0: NVIDIA - NVIDIA GeForce GTX 1070

buttonpressed
(1, -1)
(0, -1)
buttonpressed
(1, -1)
buttonpressed
(1, 1)
buttonpressed
buttonpressed
(1, 0)
buttonpressed
(-1, 1)
buttonpressed
(-1, 1)
buttonpressed
buttonpressed
(1, 1)
buttonpressed
buttonpressed
(0, 0)
(0, 0)
buttonpressed
(-1, 0)
(-1, -1)
(0, 0)
buttonpressed
(-1, 1)
(1, 1)
(-1, 0)
(0, 1)
buttonpressed
(1, -1)
(-1, -1)
(1, -1)
(1, 1)
(0, 0)
(1, 0)
(0, 0)
(0, 0)
(1, 1)
(1, 0)
(0, 0)
(1, 0)
(-1, -1)
(0, -1)
(-1, -1)
(-1, 0)
(1, 1)
