Godot Engine v4.3.stable.official.77dcf97d8 - https://godotengine.org
Vulkan 1.3.260 - Forward+ - Using Device #0: NVIDIA - NVIDIA GeForce GTX 1070

0
(41, 55.52776)
(41, 55.52776)
3.92455959320068
(44, 58.05801)
(41, 55.52776)
13.8215999603271
(49.99636, 66.02072)
(41, 55.52776)
24.3686923980713
(57.98364, 73.00315)
(41, 55.52776)
27.8642158508301
(60.95606, 74.97436)
(41, 55.52776)
38.6167259216309
(70.92126, 79.94025)
(41, 55.52776)
45.9111747741699
(77.86425, 83.89313)
(41, 55.52776)
65.4924163818359
(96.7874, 89.83553)
(41, 55.52776)
89.686767578125
(121.6545, 94.75242)
(41, 55.52776)
105.220932006836
(137.4267, 97.63879)
(41, 55.52776)
129.90739440918
(162.1174, 102.5013)
(41, 55.52776)
152.386520385742
(184.6709, 106.3248)
(41, 55.52776)
163.737121582031
(196.0654, 108.1068)
(41, 55.52776)
183.573333740234
(216.3485, 109.8608)
(41, 55.52776)
202.662017822266
(235.4654, 112.5814)
(41, 55.52776)
214.579254150391
(247.3853, 114.2592)
(41, 55.52776)
236.526824951172
(269.1536, 117.9046)
(41, 55.52776)
254.119293212891
(286.6743, 120.495)
(41, 55.52776)
260.570434570313
(292.941, 122.0309)
(41, 55.52776)
277.766143798828
(310.0585, 124.5318)
(41, 55.52776)
296.906982421875
(328.9311, 127.9808)
(41, 55.52776)
307.729705810547
(339.4923, 130.3601)
(41, 55.52776)
324.113128662109
(355.7963, 132.6809)
(41, 55.52776)
337.261535644531
(368.7802, 134.9346)
(41, 55.52776)
341.845916748047
(374.4506, 136.1219)
(41, 55.52776)
352.524291992188
(383.9164, 137.2695)
(41, 55.52776)
366.110626220703
(397.1452, 140.3665)
(41, 55.52776)
374.044769287109
(405.0564, 141.3906)
(41, 55.52776)
386.802703857422
(417.6991, 143.3579)
(41, 55.52776)
395.094024658203
(426.0022, 144.2554)
(41, 55.52776)
394.084930419922
(425.0037, 144.0945)
(41, 55.52776)
394.905944824219
(425.8884, 143.911)
(41, 55.52776)
394.461639404297
(425.7051, 142.7168)
(41, 55.52776)
391.517059326172
(422.4991, 143.5282)
(41, 55.52776)
391.096221923828
(422.3389, 142.3433)
(41, 55.52776)
388.978820800781
(420.2065, 142.1704)
(41, 55.52776)
385.717468261719
(417.1261, 141.0095)
(41, 55.52776)
386.664825439453
(418.1289, 140.871)
(41, 55.52776)
387.853973388672
(419.1507, 141.7411)
(41, 55.52776)
385.660552978516
(417.1594, 140.6054)
(41, 55.52776)
385.896514892578
(417.2022, 141.4812)
(41, 55.52776)
399.262634277344
(430.2562, 144.3549)
(41, 55.52776)
398.816833496094
(430.0673, 143.1718)
(41, 55.52776)
405.321472167969
(436.7761, 142.9735)
(41, 55.52776)
406.561553955078
(438.3129, 141.7529)
(41, 55.52776)
403.793640136719
(435.7457, 140.5287)
(41, 55.52776)
405.367004394531
(437.1845, 141.3195)
(41, 55.52776)
410.612731933594
(443.5956, 141.107)
(41, 55.52776)
412.592681884766
(444.8783, 139.8786)
(41, 55.52776)
426.650573730469
(459.0728, 140.6502)
(41, 55.52776)
478.265686035156
(510.9399, 144.3792)
(41, 55.52776)
491.718566894531
(524.5251, 144.9181)
(41, 55.52776)
544.949645996094
(582.1047, 154.3122)
(41, 55.52776)
609.7333984375
(641.6531, 160.3637)
(41, 55.52776)
623.09716796875
(655.1194, 160.9194)
(41, 55.52776)
655.963195800781
(688.085, 163.0855)
(41, 55.52776)
666.968994140625
(699.1199, 163.8139)
(41, 55.52776)
654.537414550781
(686.6258, 163.1688)
(41, 55.52776)
644.769348144531
(676.8622, 162.3301)
(41, 55.52776)
625.498474121094
(657.641, 160.4192)
(41, 55.52776)
604.472900390625
(636.965, 156.5884)
(41, 55.52776)
582.948059082031
(615.5759, 153.9708)
(41, 55.52776)
562.032470703125
(594.9271, 150.6343)
(41, 55.52776)
544.052734375
(577.2029, 147.6138)
(41, 55.52776)
527.2958984375
(560.3188, 146.8999)
(41, 55.52776)
512.237487792969
(545.1044, 146.4457)
(41, 55.52776)
496.050872802734
(527.339, 153.2052)
(41, 55.52776)
481.915985107422
(511.8778, 158.0809)
(41, 55.52776)
466.549530029297
(493.5333, 169.0271)
(41, 55.52776)
454.37548828125
(480.2022, 171.9689)
(41, 55.52776)
440.245178222656
(462.709, 181.9292)
(41, 55.52776)
425.456237792969
(442.9918, 194.8676)
(41, 55.52776)
414.650512695313
(429.0145, 201.746)
(41, 55.52776)
401.096160888672
(409.6409, 213.5849)
(41, 55.52776)
384.412841796875
(385.858, 225.3695)
(41, 55.52776)
371.725341796875
(369.7055, 229.1146)
(41, 55.52776)
329.843444824219
(311.0817, 244.8756)
(41, 55.52776)
285.599456787109
(249.469, 250.7397)
(41, 55.52776)
270.368713378906
(227.9623, 250.8335)
(41, 55.52776)
235.446792602539
(171.0565, 249.0841)
(41, 55.52776)
210.6318359375
(131.8055, 245.5807)
(41, 55.52776)
199.961639404297
(115.035, 241.2789)
(41, 55.52776)
180.513534545898
(78.49924, 232.1034)
(41, 55.52776)
167.590972900391
(36.21521, 222.0956)
(41, 55.52776)
163.053558349609
(8.161743, 215.2404)
(41, 55.52776)
169.431594848633
(-39.74985, 204.4792)
(41, 55.52776)
187.319000244141
(-86.45108, 192.8035)
(41, 55.52776)
200.380355834961
(-110.9351, 186.1724)
(41, 55.52776)
224.128204345703
(-148.2745, 175.5637)
(41, 55.52776)
248.327819824219
(-182.4016, 163.9641)
(41, 55.52776)
256.770904541016
(-194.2743, 158.3738)
(41, 55.52776)
279.663635253906
(-223.005, 147.7944)
(41, 55.52776)
296.264862060547
(-243.4882, 138.228)
(41, 55.52776)
301.057678222656
(-249.736, 133.6835)
(41, 55.52776)
311.968170166016
(-262.8671, 126.1602)
(41, 55.52776)
316.212677001953
(-268.8455, 118.6644)
(41, 55.52776)
317.584991455078
(-270.7338, 116.2095)
(41, 55.52776)
321.850402832031
(-276.5809, 107.7775)
(41, 55.52776)
323.636840820313
(-279.3707, 101.3908)
(41, 55.52776)
322.080841064453
(-278.1269, 99.04866)
(41, 55.52776)
322.287689208984
(-278.8942, 94.73351)
(41, 55.52776)
320.684265136719
(-277.6661, 91.44821)
(41, 55.52776)
318.247436523438
(-275.4622, 89.18979)
(41, 55.52776)
318.567535400391
(-276.2969, 83.95253)
(41, 55.52776)
316.996032714844
(-275.1445, 78.74721)
(41, 55.52776)
316.720825195313
(-275.0205, 76.5777)
(41, 55.52776)
314.420562744141
(-272.9106, 73.42915)
(41, 55.52776)
313.184356689453
(-271.8356, 70.30286)
(41, 55.52776)
311.089569091797
(-269.7891, 69.19826)
(41, 55.52776)
309.032440185547
(-267.7764, 68.10567)
(41, 55.52776)
298.982574462891
(-257.7983, 66.02216)
(41, 55.52776)
291.133422851563
(-249.9467, 65.95338)
(41, 55.52776)
268.654144287109
(-227.2145, 70.89069)
(41, 55.52776)
236.096343994141
(-193.7383, 80.81482)
(41, 55.52776)
210.567153930664
(-166.6071, 90.71042)
(41, 55.52776)
167.366744995117
(-117.7361, 108.5794)
(41, 55.52776)
121.279899597168
(-55.17291, 129.4168)
(41, 55.52776)
103.274894714355
(-20.86783, 138.2204)
(41, 55.52776)
102.313026428223
(60.31897, 156.0003)
(41, 55.52776)
164.420608520508
(154.2964, 174.6834)
(41, 55.52776)
186.005142211914
(180.8626, 178.1506)
(41, 55.52776)
276.959838867188
(283.1529, 193.4892)
(41, 55.52776)
336.368774414063
(344.5368, 200.4738)
(41, 55.52776)
369.065093994141
(380.8438, 204.0895)
(41, 55.52776)
429.335357666016
(440.2473, 213.4215)
(41, 55.52776)
469.939483642578
(482.2137, 217.3102)
(41, 55.52776)
483.683258056641
(496.6619, 217.7674)
(41, 55.52776)
505.131744384766
(519.9904, 215.922)
(41, 55.52776)
511.937316894531
(528.1761, 212.8148)
(41, 55.52776)
506.519653320313
(523.5334, 209.5526)
(41, 55.52776)
500.785369873047
(518.5606, 206.2655)
(41, 55.52776)
490.267791748047
(508.5531, 203.0289)
(41, 55.52776)
480.034149169922
(498.8061, 199.9105)
(41, 55.52776)
470.235565185547
(489.4681, 196.9416)
(41, 55.52776)
460.930847167969
(480.5978, 194.1317)
(41, 55.52776)
452.126098632813
(472.2025, 191.4779)
(41, 55.52776)
443.799987792969
(464.2627, 188.9711)
(41, 55.52776)
435.9189453125
(456.7469, 186.5997)
(41, 55.52776)
428.445861816406
(449.6199, 184.3519)
(41, 55.52776)
421.344299316406
(442.847, 182.2162)
(41, 55.52776)
414.580749511719
(436.3965, 180.1824)
(41, 55.52776)
408.125183105469
(430.2397, 178.2412)
(41, 55.52776)
395.031158447266
(418.3514, 172.3848)
(41, 55.52776)
375.451507568359
(400.8413, 162.6635)
(41, 55.52776)
359.242065429688
(385.8633, 156.1465)
(41, 55.52776)
319.975006103516
(349.3987, 140.817)
(41, 55.52776)
262.540466308594
(294.7805, 122.7806)
(41, 55.52776)
222.329620361328
(256.2745, 111.0918)
(41, 55.52776)
103.660270690918
(141.5723, 80.64069)
(41, 55.52776)
3.6080002784729
(44.02191, 57.49899)
(41, 55.52776)
43.4437255859375
(-2.021606, 49.48636)
(41, 55.52776)
130.813339233398
(-86.98877, 28.49066)
(41, 55.52776)
193.755249023438
(-148.7905, 16.53229)
(41, 55.52776)
213.840301513672
(-168.2873, 11.63583)
(41, 55.52776)
243.745391845703
(-197.614, 5.776703)
(41, 55.52776)
273.198059082031
(-226.6947, 0.968475)
(41, 55.52776)
282.15087890625
(-235.4749, -0.781921)
(41, 55.52776)
302.326568603516
(-255.1025, -5.502136)
(41, 55.52776)
319.899230957031
(-272.4932, -8.171204)
(41, 55.52776)
327.017700195313
(-279.63, -8.791565)
(41, 55.52776)
340.062713623047
(-292.6137, -10.38544)
(41, 55.52776)
341.726043701172
(-294.3953, -9.944885)
(41, 55.52776)
340.363708496094
(-293.0953, -9.493683)
(41, 55.52776)
338.012817382813
(-290.7879, -9.043579)
(41, 55.52776)
335.689971923828
(-288.5079, -8.599548)
(41, 55.52776)
333.404632568359
(-286.2646, -8.162903)
(41, 55.52776)
277.831878662109
(-228.0602, -13.73386)
(41, 55.52776)
274.325408935547
(-224.532, -13.3721)
(41, 55.52776)
249.667907714844
(-198.1928, -16.03244)
(41, 55.52776)
236.114105224609
(-183.1339, -18.72775)
(41, 55.52776)
188.062774658203
(-126.2603, -30.44675)
(41, 55.52776)
127.272384643555
(-4.784729, -63.22415)
(41, 55.52776)
135.98796081543
(60.29382, -79.08453)
(41, 55.52776)
163.248153686523
(115.2697, -89.84753)
(41, 55.52776)
193.871551513672
(160.0852, -97.4588)
(41, 55.52776)
209.054885864258
(179.6786, -100.9081)
(41, 55.52776)
236.869415283203
(212.1186, -108.2573)
(41, 55.52776)
258.162811279297
(235.306, -114.4522)
(41, 55.52776)
263.99267578125
(241.246, -116.5003)
(41, 55.52776)
271.001312255859
(247.0679, -120.4771)
(41, 55.52776)
272.044586181641
(246.8, -122.3896)
(41, 55.52776)
271.556610107422
(244.5059, -124.2731)
(41, 55.52776)
266.557281494141
(233.2206, -129.145)
(41, 55.52776)
254.898132324219
(208.0239, -137.0237)
(41, 55.52776)
245.39778137207
(188.0324, -140.945)
(41, 55.52776)
223.348526000977
(126.2236, -150.922)
(41, 55.52776)
216.927291870117
(16.78497, -160.0438)
(41, 55.52776)
230.800994873047
(-35.22064, -162.3243)
(41, 55.52776)
278.137664794922
(-129.0106, -164.6017)
(41, 55.52776)
323.845123291016
(-197.374, -163.6833)
(41, 55.52776)
342.178649902344
(-225.1779, -159.4968)
(41, 55.52776)
353.622039794922
(-246.6328, -150.1805)
(41, 55.52776)
347.820922851563
(-248.8024, -136.8104)
(41, 55.52776)
340.864196777344
(-245.9112, -128.5112)
(41, 55.52776)
311.071533203125
(-227.0597, -102.2997)
(41, 55.52776)
268.923797607422
(-192.486, -73.34285)
(41, 55.52776)
238.891250610352
(-169.3533, -57.69991)
(41, 55.52776)
170.906295776367
(-108.5234, -27.24724)
(41, 55.52776)
117.243637084961
(-58.15173, -7.042221)
(41, 55.52776)
43.6991500854492
(16.96686, 19.03087)
(41, 55.52776)
42.5602416992188
(84.98309, 45.04909)
(41, 55.52776)
71.9354629516602
(112.9189, 57.06924)
(41, 55.52776)
130.155838012695
(167.7592, 85.06854)
(41, 55.52776)
154.289749145508
(189.3348, 97.97894)
(41, 55.52776)
174.402099609375
(205.7244, 112.8161)
(41, 55.52776)
177.661727905273
(205.9371, 121.5539)
(41, 55.52776)
176.441940307617
(203.0914, 125.228)
(41, 55.52776)
164.032623291016
(177.2451, 146.8731)
(41, 55.52776)
155.9189453125
(158.5276, 155.441)
(41, 55.52776)
134.311141967773
(107.9223, 171.979)
(41, 55.52776)
126.25431060791
(46.56616, 182.4911)
(41, 55.52776)
132.287979125977
(9.472229, 184.0039)
(41, 55.52776)
182.078491210938
(-93.44824, 181.5196)
(41, 55.52776)
265.09619140625
(-199.9847, 165.992)
(41, 55.52776)
305.655090332031
(-246.8334, 158.372)
(41, 55.52776)
396.780334472656
(-346.0889, 142.6875)
(41, 55.52776)
467.650115966797
(-423.0394, 133.8813)
(41, 55.52776)
497.869689941406
(-451.2768, 129.944)
(41, 55.52776)
532.990417480469
(-487.1872, 126.9215)
(41, 55.52776)
545.237854003906
(-499.6895, 125.8076)
(41, 55.52776)
540.617065429688
(-495.1826, 124.6301)
(41, 55.52776)
531.631164550781
(-486.2756, 123.4407)
(41, 55.52776)
522.677612304688
(-477.3981, 122.2762)
(41, 55.52776)
513.972290039063
(-468.7653, 121.154)
(41, 55.52776)
504.746978759766
(-459.472, 121.0811)
(41, 55.52776)
488.399078369141
(-441.5681, 124.0522)
(41, 55.52776)
465.771331787109
(-419.2462, 127.0565)
(41, 55.52776)
428.048065185547
(-380.6783, 129.098)
(41, 55.52776)
359.067596435547
(-310.2131, 130.2198)
(41, 55.52776)
280.405364990234
(-229.4676, 129.5173)
(41, 55.52776)
195.060211181641
(-137.2665, 125.0072)
(41, 55.52776)
68.5636215209961
(4.706085, 113.6975)
(41, 55.52776)
75.9854583740234
(99.8844, 103.5529)
(41, 55.52776)
227.921112060547
(267.7689, 78.41699)
(41, 55.52776)
367.742218017578
(408.6607, 63.26978)
(41, 55.52776)
413.678131103516
(454.6399, 61.15445)
(41, 55.52776)
474.11328125
(515.0916, 60.05853)
(41, 55.52776)
493.665374755859
(534.6354, 60.96964)
(41, 55.52776)
489.763366699219
(530.7342, 60.87299)
(41, 55.52776)
481.193450927734
(522.1529, 61.77377)
(41, 55.52776)
470.513214111328
(511.4244, 64.66687)
(41, 55.52776)
455.069122314453
(495.8832, 68.53323)
(41, 55.52776)
422.484924316406
(462.8123, 79.35782)
(41, 55.52776)
355.651733398438
(393.7213, 101.089)
(41, 55.52776)
288.991485595703
(323.4493, 116.671)
(41, 55.52776)
186.420776367188
(210.0178, 134.1769)
(41, 55.52776)
94.1685028076172
(64.46057, 146.7271)
(41, 55.52776)
109.424308776855
(-9.86499, 152.4114)
(41, 55.52776)
188.604431152344
(-119.7852, 154.1165)
(41, 55.52776)
252.03173828125
(-197.2466, 137.7383)
(41, 55.52776)
270.535888671875
(-221.1617, 122.3176)
(41, 55.52776)
281.929992675781
(-239.7833, 80.92999)
(41, 55.52776)
276.577270507813
(-233.2501, 19.72476)
(41, 55.52776)
272.125610351563
(-222.8218, -11.18362)
(41, 55.52776)
272.162841796875
(-191.5221, -85.91513)
(41, 55.52776)
261.479827880859
(-134.4358, -138.3639)
(41, 55.52776)
248.455108642578
(-97.66217, -150.6342)
(41, 55.52776)
219.25439453125
(-17.1084, -155.8863)
(41, 55.52776)
201.768493652344
(44.13031, -146.2164)
(41, 55.52776)
187.063171386719
(79.15875, -127.6021)
(41, 55.52776)
159.800979614258
(109.0675, -89.05151)
(41, 55.52776)
107.74080657959
(121.8949, -15.6347)
(41, 55.52776)
80.6665191650391
(117.708, 30.56842)
(41, 55.52776)
73.3114013671875
(91.52979, 108.6437)
(41, 55.52776)
103.104232788086
(36.38483, 158.5287)
(41, 55.52776)
110.263877868652
(17.37378, 163.2307)
(41, 55.52776)
130.473205566406
(-48.56342, 152.8871)
(41, 55.52776)
158.466796875
(-108.3273, 108.5664)
(41, 55.52776)
182.989593505859
(-140.9094, 75.38162)
(41, 55.52776)
226.776794433594
(-182.3581, 16.29922)
(41, 55.52776)
239.021682739258
(-185.5756, -20.59616)
(41, 55.52776)
229.618515014648
(-170.7244, -33.33972)
(41, 55.52776)
171.010757446289
(-85.96252, -59.03748)
(41, 55.52776)
111.810523986816
(13.33759, -52.80682)
(41, 55.52776)
97.7434616088867
(70.37903, -37.69592)
(41, 55.52776)
131.087203979492
(163.3406, 8.446747)
(41, 55.52776)
154.003662109375
(195.0009, 54.59842)
(41, 55.52776)
156.440277099609
(195.4123, 80.63565)
(41, 55.52776)
143.3798828125
(170.7438, 116.5551)
(41, 55.52776)
114.81282043457
(132.1586, 125.3281)
(41, 55.52776)
91.4503021240234
(105.7799, 120.0779)
(41, 55.52776)
35.6348495483398
(50.53583, 89.86304)
(41, 55.52776)
