Godot Engine v4.3.stable.official.77dcf97d8 - https://godotengine.org
Vulkan 1.3.260 - Forward+ - Using Device #0: NVIDIA - NVIDIA GeForce GTX 1070

0
(23, 23.58331)
(23, 23.58331)
8.07178211212158
(29, 28.98273)
(23, 23.58331)
10.9501972198486
(31.959, 29.87959)
(23, 23.58331)
33.3910903930664
(51.87573, 40.35104)
(23, 23.58331)
56.9223442077637
(74.50471, 47.82001)
(23, 23.58331)
70.0050735473633
(87.4163, 50.99226)
(23, 23.58331)
104.926986694336
(122.2283, 57.69226)
(23, 23.58331)
150.606689453125
(168.0357, 64.16682)
(23, 23.58331)
171.792388916016
(190.3478, 62.40768)
(23, 23.58331)
197.532287597656
(217.4083, 58.57494)
(23, 23.58331)
189.313018798828
(211.9459, 35.36748)
(23, 23.58331)
65.8055648803711
(65.13565, -26.96329)
(23, 23.58331)
93.7277069091797
(13.09171, -69.6192)
(23, 23.58331)
129.709442138672
(-23.33051, -97.56958)
(23, 23.58331)
179.811538696289
(-79.31024, -124.2842)
(23, 23.58331)
247.259170532227
(-145.4053, -157.4601)
(23, 23.58331)
466.597900390625
(-366.6494, -233.1012)
(23, 23.58331)
1575.01330566406
(-1524.678, -246.5305)
(23, 23.58331)
19408.779296875
(-19384.79, -171.9996)
(23, 23.58331)
3427152.5
(-3427101, 13941.15)
(23, 23.58331)
114834497536
(-114833514496, 475637472)
(23, 23.58331)
inf
(-129666734473670030000, 537076589393870848)
(23, 23.58331)
nan
(nan, nan)
(23, 23.58331)
nan
(nan, nan)
(23, 23.58331)
nan
(nan, nan)
(23, 23.58331)
nan
(nan, nan)
(23, 23.58331)
nan
(nan, nan)
(23, 23.58331)
nan
(nan, nan)
(23, 23.58331)
nan
(nan, nan)
(23, 23.58331)
nan
(nan, nan)
(23, 23.58331)
nan
(nan, nan)
(23, 23.58331)
nan
(nan, nan)
(23, 23.58331)
nan
(nan, nan)
(23, 23.58331)
nan
(nan, nan)
(23, 23.58331)
nan
(nan, nan)
(23, 23.58331)
nan
(nan, nan)
(23, 23.58331)
nan
(nan, nan)
(23, 23.58331)
nan
(nan, nan)
(23, 23.58331)
nan
(nan, nan)
(23, 23.58331)
nan
(nan, nan)
(23, 23.58331)
nan
(nan, nan)
(23, 23.58331)
nan
(nan, nan)
(23, 23.58331)
nan
(nan, nan)
(23, 23.58331)
nan
(nan, nan)
(23, 23.58331)
nan
(nan, nan)
(23, 23.58331)
nan
(nan, nan)
(23, 23.58331)
nan
(nan, nan)
(23, 23.58331)
nan
(nan, nan)
(23, 23.58331)
nan
(nan, nan)
(23, 23.58331)
nan
(nan, nan)
(23, 23.58331)
nan
(nan, nan)
(23, 23.58331)
nan
(nan, nan)
(23, 23.58331)
nan
(nan, nan)
(23, 23.58331)
nan
(nan, nan)
(23, 23.58331)
nan
(nan, nan)
(23, 23.58331)
nan
(nan, nan)
(23, 23.58331)
nan
(nan, nan)
(23, 23.58331)
nan
(nan, nan)
(23, 23.58331)
nan
(nan, nan)
(23, 23.58331)
nan
(nan, nan)
(23, 23.58331)
nan
(nan, nan)
(23, 23.58331)
nan
(nan, nan)
(23, 23.58331)
nan
(nan, nan)
(23, 23.58331)
